;  LST file generated by mikroListExporter - v.2.0 
; Date/Time: 9/23/2022 4:34:56 PM
;----------------------------------------------

;Address Opcode 	ASM
0x0000	0x29B6      	GOTO       438
_Delay_50us:
;__Lib_Delays.c,19 :: 		void Delay_50us() {
;__Lib_Delays.c,20 :: 		Delay_us(50);
0x0003	0x3021      	MOVLW      33
0x0004	0x1283      	BCF        STATUS, 5
0x0005	0x1303      	BCF        STATUS, 6
0x0006	0x00FD      	MOVWF      R13
L_Delay_50us2:
0x0007	0x0BFD      	DECFSZ     R13, 1
0x0008	0x2807      	GOTO       L_Delay_50us2
;__Lib_Delays.c,21 :: 		}
L_end_Delay_50us:
0x0009	0x0008      	RETURN
; end of _Delay_50us
_Delay_1us:
;__Lib_Delays.c,7 :: 		void Delay_1us() {
;__Lib_Delays.c,8 :: 		Delay_us(1);
0x000A	0x0000      	NOP
0x000B	0x0000      	NOP
;__Lib_Delays.c,9 :: 		}
L_end_Delay_1us:
0x000C	0x0008      	RETURN
; end of _Delay_1us
_Delay_5500us:
;__Lib_Delays.c,31 :: 		void Delay_5500us() {
;__Lib_Delays.c,32 :: 		Delay_us(5500);
0x000D	0x300F      	MOVLW      15
0x000E	0x1283      	BCF        STATUS, 5
0x000F	0x1303      	BCF        STATUS, 6
0x0010	0x00FC      	MOVWF      R12
0x0011	0x3047      	MOVLW      71
0x0012	0x00FD      	MOVWF      R13
L_Delay_5500us5:
0x0013	0x0BFD      	DECFSZ     R13, 1
0x0014	0x2813      	GOTO       L_Delay_5500us5
0x0015	0x0BFC      	DECFSZ     R12, 1
0x0016	0x2813      	GOTO       L_Delay_5500us5
0x0017	0x0000      	NOP
0x0018	0x0000      	NOP
;__Lib_Delays.c,33 :: 		}
L_end_Delay_5500us:
0x0019	0x0008      	RETURN
; end of _Delay_5500us
_Lcd_Cmd:
;__Lib_Lcd.c,18 :: 		
;__Lib_Lcd.c,20 :: 		
0x001A	0x1683      	BSF        STATUS, 5
0x001B	0x1303      	BCF        STATUS, 6
0x001C	0x1BB5      	BTFSC      FARG_Lcd_Cmd_out_char, 7
0x001D	0x2821      	GOTO       L__Lcd_Cmd21
0x001E	0x1283      	BCF        STATUS, 5
0x001F	0x1288      	BCF        LCD_D7, BitPos(LCD_D7+0)
0x0020	0x2823      	GOTO       L__Lcd_Cmd22
L__Lcd_Cmd21:
0x0021	0x1283      	BCF        STATUS, 5
0x0022	0x1688      	BSF        LCD_D7, BitPos(LCD_D7+0)
L__Lcd_Cmd22:
;__Lib_Lcd.c,21 :: 		
0x0023	0x1683      	BSF        STATUS, 5
0x0024	0x1B35      	BTFSC      FARG_Lcd_Cmd_out_char, 6
0x0025	0x2829      	GOTO       L__Lcd_Cmd23
0x0026	0x1283      	BCF        STATUS, 5
0x0027	0x1208      	BCF        LCD_D6, BitPos(LCD_D6+0)
0x0028	0x282B      	GOTO       L__Lcd_Cmd24
L__Lcd_Cmd23:
0x0029	0x1283      	BCF        STATUS, 5
0x002A	0x1608      	BSF        LCD_D6, BitPos(LCD_D6+0)
L__Lcd_Cmd24:
;__Lib_Lcd.c,22 :: 		
0x002B	0x1683      	BSF        STATUS, 5
0x002C	0x1AB5      	BTFSC      FARG_Lcd_Cmd_out_char, 5
0x002D	0x2831      	GOTO       L__Lcd_Cmd25
0x002E	0x1283      	BCF        STATUS, 5
0x002F	0x1188      	BCF        LCD_D5, BitPos(LCD_D5+0)
0x0030	0x2833      	GOTO       L__Lcd_Cmd26
L__Lcd_Cmd25:
0x0031	0x1283      	BCF        STATUS, 5
0x0032	0x1588      	BSF        LCD_D5, BitPos(LCD_D5+0)
L__Lcd_Cmd26:
;__Lib_Lcd.c,23 :: 		
0x0033	0x1683      	BSF        STATUS, 5
0x0034	0x1A35      	BTFSC      FARG_Lcd_Cmd_out_char, 4
0x0035	0x2839      	GOTO       L__Lcd_Cmd27
0x0036	0x1283      	BCF        STATUS, 5
0x0037	0x1108      	BCF        LCD_D4, BitPos(LCD_D4+0)
0x0038	0x283B      	GOTO       L__Lcd_Cmd28
L__Lcd_Cmd27:
0x0039	0x1283      	BCF        STATUS, 5
0x003A	0x1508      	BSF        LCD_D4, BitPos(LCD_D4+0)
L__Lcd_Cmd28:
;__Lib_Lcd.c,25 :: 		
0x003B	0x1683      	BSF        STATUS, 5
0x003C	0x182B      	BTFSC      __Lib_Lcd_cmd_status, BitPos(__Lib_Lcd_cmd_status+0)
0x003D	0x2841      	GOTO       L__Lcd_Cmd29
0x003E	0x1283      	BCF        STATUS, 5
0x003F	0x1408      	BSF        LCD_RS, BitPos(LCD_RS+0)
0x0040	0x2843      	GOTO       L__Lcd_Cmd30
L__Lcd_Cmd29:
0x0041	0x1283      	BCF        STATUS, 5
0x0042	0x1008      	BCF        LCD_RS, BitPos(LCD_RS+0)
L__Lcd_Cmd30:
;__Lib_Lcd.c,28 :: 		
0x0043	0x1488      	BSF        LCD_EN, BitPos(LCD_EN+0)
;__Lib_Lcd.c,29 :: 		
0x0044	0x200A      	CALL       _Delay_1us
;__Lib_Lcd.c,30 :: 		
0x0045	0x1088      	BCF        LCD_EN, BitPos(LCD_EN+0)
;__Lib_Lcd.c,33 :: 		
0x0046	0x1683      	BSF        STATUS, 5
0x0047	0x19B5      	BTFSC      FARG_Lcd_Cmd_out_char, 3
0x0048	0x284C      	GOTO       L__Lcd_Cmd31
0x0049	0x1283      	BCF        STATUS, 5
0x004A	0x1288      	BCF        LCD_D7, BitPos(LCD_D7+0)
0x004B	0x284E      	GOTO       L__Lcd_Cmd32
L__Lcd_Cmd31:
0x004C	0x1283      	BCF        STATUS, 5
0x004D	0x1688      	BSF        LCD_D7, BitPos(LCD_D7+0)
L__Lcd_Cmd32:
;__Lib_Lcd.c,34 :: 		
0x004E	0x1683      	BSF        STATUS, 5
0x004F	0x1935      	BTFSC      FARG_Lcd_Cmd_out_char, 2
0x0050	0x2854      	GOTO       L__Lcd_Cmd33
0x0051	0x1283      	BCF        STATUS, 5
0x0052	0x1208      	BCF        LCD_D6, BitPos(LCD_D6+0)
0x0053	0x2856      	GOTO       L__Lcd_Cmd34
L__Lcd_Cmd33:
0x0054	0x1283      	BCF        STATUS, 5
0x0055	0x1608      	BSF        LCD_D6, BitPos(LCD_D6+0)
L__Lcd_Cmd34:
;__Lib_Lcd.c,35 :: 		
0x0056	0x1683      	BSF        STATUS, 5
0x0057	0x18B5      	BTFSC      FARG_Lcd_Cmd_out_char, 1
0x0058	0x285C      	GOTO       L__Lcd_Cmd35
0x0059	0x1283      	BCF        STATUS, 5
0x005A	0x1188      	BCF        LCD_D5, BitPos(LCD_D5+0)
0x005B	0x285E      	GOTO       L__Lcd_Cmd36
L__Lcd_Cmd35:
0x005C	0x1283      	BCF        STATUS, 5
0x005D	0x1588      	BSF        LCD_D5, BitPos(LCD_D5+0)
L__Lcd_Cmd36:
;__Lib_Lcd.c,36 :: 		
0x005E	0x1683      	BSF        STATUS, 5
0x005F	0x1835      	BTFSC      FARG_Lcd_Cmd_out_char, 0
0x0060	0x2864      	GOTO       L__Lcd_Cmd37
0x0061	0x1283      	BCF        STATUS, 5
0x0062	0x1108      	BCF        LCD_D4, BitPos(LCD_D4+0)
0x0063	0x2866      	GOTO       L__Lcd_Cmd38
L__Lcd_Cmd37:
0x0064	0x1283      	BCF        STATUS, 5
0x0065	0x1508      	BSF        LCD_D4, BitPos(LCD_D4+0)
L__Lcd_Cmd38:
;__Lib_Lcd.c,38 :: 		
0x0066	0x1683      	BSF        STATUS, 5
0x0067	0x182B      	BTFSC      __Lib_Lcd_cmd_status, BitPos(__Lib_Lcd_cmd_status+0)
0x0068	0x286C      	GOTO       L__Lcd_Cmd39
0x0069	0x1283      	BCF        STATUS, 5
0x006A	0x1408      	BSF        LCD_RS, BitPos(LCD_RS+0)
0x006B	0x286E      	GOTO       L__Lcd_Cmd40
L__Lcd_Cmd39:
0x006C	0x1283      	BCF        STATUS, 5
0x006D	0x1008      	BCF        LCD_RS, BitPos(LCD_RS+0)
L__Lcd_Cmd40:
;__Lib_Lcd.c,40 :: 		
0x006E	0x1488      	BSF        LCD_EN, BitPos(LCD_EN+0)
;__Lib_Lcd.c,41 :: 		
0x006F	0x200A      	CALL       _Delay_1us
;__Lib_Lcd.c,42 :: 		
0x0070	0x1088      	BCF        LCD_EN, BitPos(LCD_EN+0)
;__Lib_Lcd.c,44 :: 		
0x0071	0x1683      	BSF        STATUS, 5
0x0072	0x1C2B      	BTFSS      __Lib_Lcd_cmd_status, BitPos(__Lib_Lcd_cmd_status+0)
0x0073	0x2876      	GOTO       L_Lcd_Cmd0
;__Lib_Lcd.c,45 :: 		
0x0074	0x200D      	CALL       _Delay_5500us
0x0075	0x2877      	GOTO       L_Lcd_Cmd1
L_Lcd_Cmd0:
;__Lib_Lcd.c,47 :: 		
0x0076	0x2003      	CALL       _Delay_50us
L_Lcd_Cmd1:
;__Lib_Lcd.c,48 :: 		
L_end_Lcd_Cmd:
0x0077	0x0008      	RETURN
; end of _Lcd_Cmd
_Lcd_Chr_CP:
;__Lib_Lcd.c,50 :: 		
;__Lib_Lcd.c,52 :: 		
0x0078	0x1683      	BSF        STATUS, 5
0x0079	0x1303      	BCF        STATUS, 6
0x007A	0x102B      	BCF        __Lib_Lcd_cmd_status, BitPos(__Lib_Lcd_cmd_status+0)
;__Lib_Lcd.c,53 :: 		
0x007B	0x0834      	MOVF       FARG_Lcd_Chr_CP_out_char, 0
0x007C	0x00B5      	MOVWF      FARG_Lcd_Cmd_out_char
0x007D	0x201A      	CALL       _Lcd_Cmd
;__Lib_Lcd.c,54 :: 		
0x007E	0x1683      	BSF        STATUS, 5
0x007F	0x142B      	BSF        __Lib_Lcd_cmd_status, BitPos(__Lib_Lcd_cmd_status+0)
;__Lib_Lcd.c,55 :: 		
L_end_Lcd_Chr_CP:
0x0080	0x0008      	RETURN
; end of _Lcd_Chr_CP
_____DoICP:
;__Lib_System.c,6 :: 		
;__Lib_System.c,9 :: 		
0x0081	0x1283      	BCF        STATUS, 5
0x0082	0x1303      	BCF        STATUS, 6
0x0083	0x086F      	MOVF       ___DoICPAddr+1, 0
0x0084	0x008A      	MOVWF      PCLATH
;__Lib_System.c,10 :: 		
0x0085	0x086E      	MOVF       ___DoICPAddr, 0
0x0086	0x0082      	MOVWF      PCL
;__Lib_System.c,12 :: 		
L_end_____DoICP:
0x0087	0x0008      	RETURN
; end of _____DoICP
_Check_Response:
;Gas_Smoke_Leakage.c,42 :: 		unsigned short Check_Response() {
;Gas_Smoke_Leakage.c,43 :: 		TMR1H = 0;                                  // Reset Timer1
0x0088	0x1283      	BCF        STATUS, 5
0x0089	0x1303      	BCF        STATUS, 6
0x008A	0x018F      	CLRF       TMR1H
;Gas_Smoke_Leakage.c,44 :: 		TMR1L = 0;
0x008B	0x018E      	CLRF       TMR1L
;Gas_Smoke_Leakage.c,45 :: 		TMR1ON_bit = 1;                             // Enable Timer1 module
0x008C	0x1410      	BSF        TMR1ON_bit, BitPos(TMR1ON_bit+0)
;Gas_Smoke_Leakage.c,46 :: 		while(!DHT11_PIN && TMR1L < 100);           // Wait until DHT11_PIN becomes high (cheking of 80µs low time response)
L_Check_Response2:
0x008D	0x1806      	BTFSC      RB0_bit, BitPos(RB0_bit+0)
0x008E	0x2894      	GOTO       L_Check_Response3
0x008F	0x3064      	MOVLW      100
0x0090	0x020E      	SUBWF      TMR1L, 0
0x0091	0x1803      	BTFSC      STATUS, 0
0x0092	0x2894      	GOTO       L_Check_Response3
L__Check_Response43:
0x0093	0x288D      	GOTO       L_Check_Response2
L_Check_Response3:
;Gas_Smoke_Leakage.c,47 :: 		if(TMR1L > 99)                              // If response time > 99µS  ==> Response error
0x0094	0x080E      	MOVF       TMR1L, 0
0x0095	0x3C63      	SUBLW      99
0x0096	0x1803      	BTFSC      STATUS, 0
0x0097	0x289A      	GOTO       L_Check_Response6
;Gas_Smoke_Leakage.c,48 :: 		return 0;                                 // Return 0 (Device has a problem with response)
0x0098	0x01F0      	CLRF       R0
0x0099	0x28AB      	GOTO       L_end_Check_Response
L_Check_Response6:
;Gas_Smoke_Leakage.c,49 :: 		else {    TMR1H = 0;                        // Reset Timer1
0x009A	0x018F      	CLRF       TMR1H
;Gas_Smoke_Leakage.c,50 :: 		TMR1L = 0;
0x009B	0x018E      	CLRF       TMR1L
;Gas_Smoke_Leakage.c,51 :: 		while(DHT11_PIN && TMR1L < 100);          // Wait until DHT11_PIN becomes low (cheking of 80µs high time response)
L_Check_Response8:
0x009C	0x1C06      	BTFSS      RB0_bit, BitPos(RB0_bit+0)
0x009D	0x28A3      	GOTO       L_Check_Response9
0x009E	0x3064      	MOVLW      100
0x009F	0x020E      	SUBWF      TMR1L, 0
0x00A0	0x1803      	BTFSC      STATUS, 0
0x00A1	0x28A3      	GOTO       L_Check_Response9
L__Check_Response42:
0x00A2	0x289C      	GOTO       L_Check_Response8
L_Check_Response9:
;Gas_Smoke_Leakage.c,52 :: 		if(TMR1L > 99)                            // If response time > 99µS  ==> Response error
0x00A3	0x080E      	MOVF       TMR1L, 0
0x00A4	0x3C63      	SUBLW      99
0x00A5	0x1803      	BTFSC      STATUS, 0
0x00A6	0x28A9      	GOTO       L_Check_Response12
;Gas_Smoke_Leakage.c,53 :: 		return 0;                               // Return 0 (Device has a problem with response)
0x00A7	0x01F0      	CLRF       R0
0x00A8	0x28AB      	GOTO       L_end_Check_Response
L_Check_Response12:
;Gas_Smoke_Leakage.c,55 :: 		return 1;                               // Return 1 (response OK)
0x00A9	0x3001      	MOVLW      1
0x00AA	0x00F0      	MOVWF      R0
;Gas_Smoke_Leakage.c,57 :: 		}
L_end_Check_Response:
0x00AB	0x0008      	RETURN
; end of _Check_Response
_Read_Data:
;Gas_Smoke_Leakage.c,59 :: 		unsigned short Read_Data(unsigned short* dht_data) {
;Gas_Smoke_Leakage.c,61 :: 		*dht_data = 0;
0x00AC	0x1683      	BSF        STATUS, 5
0x00AD	0x1303      	BCF        STATUS, 6
0x00AE	0x0830      	MOVF       FARG_Read_Data_dht_data, 0
0x00AF	0x0084      	MOVWF      FSR
0x00B0	0x0180      	CLRF       INDF
;Gas_Smoke_Leakage.c,62 :: 		for(i = 0; i < 8; i++){
0x00B1	0x01F2      	CLRF       R2
L_Read_Data14:
0x00B2	0x3080      	MOVLW      128
0x00B3	0x0672      	XORWF      R2, 0
0x00B4	0x00F0      	MOVWF      R0
0x00B5	0x3080      	MOVLW      128
0x00B6	0x3A08      	XORLW      8
0x00B7	0x0270      	SUBWF      R0, 0
0x00B8	0x1803      	BTFSC      STATUS, 0
0x00B9	0x28F0      	GOTO       L_Read_Data15
;Gas_Smoke_Leakage.c,63 :: 		TMR1H = 0;                                // Reset Timer1
0x00BA	0x1283      	BCF        STATUS, 5
0x00BB	0x018F      	CLRF       TMR1H
;Gas_Smoke_Leakage.c,64 :: 		TMR1L = 0;
0x00BC	0x018E      	CLRF       TMR1L
;Gas_Smoke_Leakage.c,65 :: 		while(!DHT11_PIN)                         // Wait until DHT11_PIN becomes high
L_Read_Data17:
0x00BD	0x1806      	BTFSC      RB0_bit, BitPos(RB0_bit+0)
0x00BE	0x28C7      	GOTO       L_Read_Data18
;Gas_Smoke_Leakage.c,66 :: 		if(TMR1L > 100) {                       // If low time > 100  ==>  Time out error (Normally it takes 50µs)
0x00BF	0x080E      	MOVF       TMR1L, 0
0x00C0	0x3C64      	SUBLW      100
0x00C1	0x1803      	BTFSC      STATUS, 0
0x00C2	0x28C6      	GOTO       L_Read_Data19
;Gas_Smoke_Leakage.c,67 :: 		return 1;
0x00C3	0x3001      	MOVLW      1
0x00C4	0x00F0      	MOVWF      R0
0x00C5	0x28F1      	GOTO       L_end_Read_Data
;Gas_Smoke_Leakage.c,68 :: 		}
L_Read_Data19:
0x00C6	0x28BD      	GOTO       L_Read_Data17
L_Read_Data18:
;Gas_Smoke_Leakage.c,69 :: 		TMR1H = 0;                                // Reset Timer1
0x00C7	0x018F      	CLRF       TMR1H
;Gas_Smoke_Leakage.c,70 :: 		TMR1L = 0;
0x00C8	0x018E      	CLRF       TMR1L
;Gas_Smoke_Leakage.c,71 :: 		while(DHT11_PIN)                          // Wait until DHT11_PIN becomes low
L_Read_Data20:
0x00C9	0x1C06      	BTFSS      RB0_bit, BitPos(RB0_bit+0)
0x00CA	0x28D3      	GOTO       L_Read_Data21
;Gas_Smoke_Leakage.c,72 :: 		if(TMR1L > 100) {                       // If high time > 100  ==>  Time out error (Normally it takes 26-28µs for 0 and 70µs for 1)
0x00CB	0x080E      	MOVF       TMR1L, 0
0x00CC	0x3C64      	SUBLW      100
0x00CD	0x1803      	BTFSC      STATUS, 0
0x00CE	0x28D2      	GOTO       L_Read_Data22
;Gas_Smoke_Leakage.c,73 :: 		return 1;                             // Return 1 (timeout error)
0x00CF	0x3001      	MOVLW      1
0x00D0	0x00F0      	MOVWF      R0
0x00D1	0x28F1      	GOTO       L_end_Read_Data
;Gas_Smoke_Leakage.c,74 :: 		}
L_Read_Data22:
0x00D2	0x28C9      	GOTO       L_Read_Data20
L_Read_Data21:
;Gas_Smoke_Leakage.c,75 :: 		if(TMR1L > 50)                           // If high time > 50  ==>  Sensor sent 1
0x00D3	0x080E      	MOVF       TMR1L, 0
0x00D4	0x3C32      	SUBLW      50
0x00D5	0x1803      	BTFSC      STATUS, 0
0x00D6	0x28EE      	GOTO       L_Read_Data23
;Gas_Smoke_Leakage.c,76 :: 		*dht_data |= (1 << (7 - i));           // Set bit (7 - i)
0x00D7	0x0872      	MOVF       R2, 0
0x00D8	0x3C07      	SUBLW      7
0x00D9	0x00F0      	MOVWF      R0
0x00DA	0x0870      	MOVF       R0, 0
0x00DB	0x00F1      	MOVWF      R1
0x00DC	0x3001      	MOVLW      1
0x00DD	0x00F0      	MOVWF      R0
0x00DE	0x0871      	MOVF       R1, 0
L__Read_Data48:
0x00DF	0x1903      	BTFSC      STATUS, 2
0x00E0	0x28E5      	GOTO       L__Read_Data49
0x00E1	0x0DF0      	RLF        R0, 1
0x00E2	0x1070      	BCF        R0, 0
0x00E3	0x3EFF      	ADDLW      255
0x00E4	0x28DF      	GOTO       L__Read_Data48
L__Read_Data49:
0x00E5	0x1683      	BSF        STATUS, 5
0x00E6	0x0830      	MOVF       FARG_Read_Data_dht_data, 0
0x00E7	0x0084      	MOVWF      FSR
0x00E8	0x0800      	MOVF       INDF, 0
0x00E9	0x04F0      	IORWF      R0, 1
0x00EA	0x0830      	MOVF       FARG_Read_Data_dht_data, 0
0x00EB	0x0084      	MOVWF      FSR
0x00EC	0x0870      	MOVF       R0, 0
0x00ED	0x0080      	MOVWF      INDF
L_Read_Data23:
;Gas_Smoke_Leakage.c,62 :: 		for(i = 0; i < 8; i++){
0x00EE	0x0AF2      	INCF       R2, 1
;Gas_Smoke_Leakage.c,77 :: 		}
0x00EF	0x28B2      	GOTO       L_Read_Data14
L_Read_Data15:
;Gas_Smoke_Leakage.c,78 :: 		return 0;                                   // Return 0 (data read OK)
0x00F0	0x01F0      	CLRF       R0
;Gas_Smoke_Leakage.c,79 :: 		}
L_end_Read_Data:
0x00F1	0x0008      	RETURN
; end of _Read_Data
_Lcd_Out:
;__Lib_Lcd.c,184 :: 		
;__Lib_Lcd.c,187 :: 		
0x00F2	0x2904      	GOTO       L_Lcd_Out11
;__Lib_Lcd.c,188 :: 		
L_Lcd_Out13:
0x00F3	0x3080      	MOVLW      128
0x00F4	0x1683      	BSF        STATUS, 5
0x00F5	0x1303      	BCF        STATUS, 6
0x00F6	0x00B0      	MOVWF      FARG_Lcd_Out_row
0x00F7	0x2917      	GOTO       L_Lcd_Out12
;__Lib_Lcd.c,189 :: 		
L_Lcd_Out14:
0x00F8	0x30C0      	MOVLW      192
0x00F9	0x00B0      	MOVWF      FARG_Lcd_Out_row
0x00FA	0x2917      	GOTO       L_Lcd_Out12
;__Lib_Lcd.c,190 :: 		
L_Lcd_Out15:
0x00FB	0x3094      	MOVLW      148
0x00FC	0x00B0      	MOVWF      FARG_Lcd_Out_row
0x00FD	0x2917      	GOTO       L_Lcd_Out12
;__Lib_Lcd.c,191 :: 		
L_Lcd_Out16:
0x00FE	0x30D4      	MOVLW      212
0x00FF	0x00B0      	MOVWF      FARG_Lcd_Out_row
0x0100	0x2917      	GOTO       L_Lcd_Out12
;__Lib_Lcd.c,192 :: 		
L_Lcd_Out17:
0x0101	0x3080      	MOVLW      128
0x0102	0x00B0      	MOVWF      FARG_Lcd_Out_row
;__Lib_Lcd.c,193 :: 		
0x0103	0x2917      	GOTO       L_Lcd_Out12
L_Lcd_Out11:
0x0104	0x1683      	BSF        STATUS, 5
0x0105	0x1303      	BCF        STATUS, 6
0x0106	0x0830      	MOVF       FARG_Lcd_Out_row, 0
0x0107	0x3A01      	XORLW      1
0x0108	0x1903      	BTFSC      STATUS, 2
0x0109	0x28F3      	GOTO       L_Lcd_Out13
0x010A	0x0830      	MOVF       FARG_Lcd_Out_row, 0
0x010B	0x3A02      	XORLW      2
0x010C	0x1903      	BTFSC      STATUS, 2
0x010D	0x28F8      	GOTO       L_Lcd_Out14
0x010E	0x0830      	MOVF       FARG_Lcd_Out_row, 0
0x010F	0x3A03      	XORLW      3
0x0110	0x1903      	BTFSC      STATUS, 2
0x0111	0x28FB      	GOTO       L_Lcd_Out15
0x0112	0x0830      	MOVF       FARG_Lcd_Out_row, 0
0x0113	0x3A04      	XORLW      4
0x0114	0x1903      	BTFSC      STATUS, 2
0x0115	0x28FE      	GOTO       L_Lcd_Out16
0x0116	0x2901      	GOTO       L_Lcd_Out17
L_Lcd_Out12:
;__Lib_Lcd.c,194 :: 		
0x0117	0x0331      	DECF       FARG_Lcd_Out_column, 0
0x0118	0x00F0      	MOVWF      R0
0x0119	0x0830      	MOVF       FARG_Lcd_Out_row, 0
0x011A	0x07F0      	ADDWF      R0, 1
0x011B	0x0870      	MOVF       R0, 0
0x011C	0x00B0      	MOVWF      FARG_Lcd_Out_row
;__Lib_Lcd.c,196 :: 		
0x011D	0x0870      	MOVF       R0, 0
0x011E	0x00B5      	MOVWF      FARG_Lcd_Cmd_out_char
0x011F	0x201A      	CALL       _Lcd_Cmd
;__Lib_Lcd.c,197 :: 		
0x0120	0x1683      	BSF        STATUS, 5
0x0121	0x102B      	BCF        __Lib_Lcd_cmd_status, BitPos(__Lib_Lcd_cmd_status+0)
;__Lib_Lcd.c,198 :: 		
0x0122	0x01B3      	CLRF       Lcd_Out_i_L0
;__Lib_Lcd.c,199 :: 		
L_Lcd_Out18:
0x0123	0x0833      	MOVF       Lcd_Out_i_L0, 0
0x0124	0x0732      	ADDWF      FARG_Lcd_Out_text, 0
0x0125	0x0084      	MOVWF      FSR
0x0126	0x0800      	MOVF       INDF, 0
0x0127	0x1903      	BTFSC      STATUS, 2
0x0128	0x2931      	GOTO       L_Lcd_Out19
;__Lib_Lcd.c,200 :: 		
0x0129	0x0833      	MOVF       Lcd_Out_i_L0, 0
0x012A	0x0732      	ADDWF      FARG_Lcd_Out_text, 0
0x012B	0x0084      	MOVWF      FSR
0x012C	0x0800      	MOVF       INDF, 0
0x012D	0x00B4      	MOVWF      FARG_Lcd_Chr_CP_out_char
0x012E	0x2078      	CALL       _Lcd_Chr_CP
0x012F	0x0AB3      	INCF       Lcd_Out_i_L0, 1
0x0130	0x2923      	GOTO       L_Lcd_Out18
L_Lcd_Out19:
;__Lib_Lcd.c,201 :: 		
0x0131	0x142B      	BSF        __Lib_Lcd_cmd_status, BitPos(__Lib_Lcd_cmd_status+0)
;__Lib_Lcd.c,202 :: 		
L_end_Lcd_Out:
0x0132	0x0008      	RETURN
; end of _Lcd_Out
___CC2DW:
;__Lib_System.c,134 :: 		
;__Lib_System.c,137 :: 		
_CC2D_Loop1:
;__Lib_System.c,139 :: 		
0x0133	0x2081      	CALL       _____DoICP
0x0134	0x118A      	BCF        PCLATH, 3
0x0135	0x120A      	BCF        PCLATH, 4
;__Lib_System.c,141 :: 		
0x0136	0x0080      	MOVWF      INDF
;__Lib_System.c,142 :: 		
0x0137	0x0A84      	INCF       FSR, 1
;__Lib_System.c,143 :: 		
0x0138	0x0AEE      	INCF       ___DoICPAddr, 1
;__Lib_System.c,145 :: 		
0x0139	0x1903      	BTFSC      STATUS, 2
;__Lib_System.c,146 :: 		
0x013A	0x0AEF      	INCF       ___DoICPAddr+1, 1
;__Lib_System.c,147 :: 		
0x013B	0x03F0      	DECF       R0, 1
;__Lib_System.c,149 :: 		
0x013C	0x1D03      	BTFSS      STATUS, 2
;__Lib_System.c,150 :: 		
0x013D	0x2933      	GOTO       _CC2D_Loop1
;__Lib_System.c,152 :: 		
L_end___CC2DW:
0x013E	0x0008      	RETURN
; end of ___CC2DW
_Div_8X8_U:
;__Lib_Math.c,189 :: 		
;__Lib_Math.c,196 :: 		
0x013F	0x1283      	BCF        STATUS, 5
;__Lib_Math.c,197 :: 		
0x0140	0x1303      	BCF        STATUS, 6
;__Lib_Math.c,198 :: 		
0x0141	0x01F8      	CLRF       R8
;__Lib_Math.c,199 :: 		
0x0142	0x3008      	MOVLW      8
;__Lib_Math.c,200 :: 		
0x0143	0x00FC      	MOVWF      R12
;__Lib_Math.c,201 :: 		
0x0144	0x0D70      	RLF        R0, 0
;__Lib_Math.c,202 :: 		
0x0145	0x0DF8      	RLF        R8, 1
;__Lib_Math.c,203 :: 		
0x0146	0x0874      	MOVF       R4, 0
;__Lib_Math.c,204 :: 		
0x0147	0x02F8      	SUBWF      R8, 1
;__Lib_Math.c,205 :: 		
0x0148	0x1803      	BTFSC      STATUS, 0
;__Lib_Math.c,206 :: 		
0x0149	0x294C      	GOTO       $+3
;__Lib_Math.c,207 :: 		
0x014A	0x07F8      	ADDWF      R8, 1
;__Lib_Math.c,208 :: 		
0x014B	0x1003      	BCF        STATUS, 0
;__Lib_Math.c,209 :: 		
0x014C	0x0DF0      	RLF        R0, 1
;__Lib_Math.c,210 :: 		
0x014D	0x0BFC      	DECFSZ     R12, 1
;__Lib_Math.c,211 :: 		
0x014E	0x2944      	GOTO       $-10
;__Lib_Math.c,213 :: 		
L_end_Div_8X8_U:
0x014F	0x0008      	RETURN
; end of _Div_8X8_U
_Start_Signal:
;Gas_Smoke_Leakage.c,33 :: 		void Start_Signal(void) {
;Gas_Smoke_Leakage.c,34 :: 		DHT11_PIN_Direction = 0;                    // Configure connection pin as output
0x0150	0x1683      	BSF        STATUS, 5
0x0151	0x1303      	BCF        STATUS, 6
0x0152	0x1006      	BCF        TRISB0_bit, BitPos(TRISB0_bit+0)
;Gas_Smoke_Leakage.c,35 :: 		DHT11_PIN = 0;                              // Connection pin output low
0x0153	0x1283      	BCF        STATUS, 5
0x0154	0x1006      	BCF        RB0_bit, BitPos(RB0_bit+0)
;Gas_Smoke_Leakage.c,36 :: 		delay_ms(25);                               // Wait 25 ms
0x0155	0x3041      	MOVLW      65
0x0156	0x00FC      	MOVWF      R12
0x0157	0x30EE      	MOVLW      238
0x0158	0x00FD      	MOVWF      R13
L_Start_Signal0:
0x0159	0x0BFD      	DECFSZ     R13, 1
0x015A	0x2959      	GOTO       L_Start_Signal0
0x015B	0x0BFC      	DECFSZ     R12, 1
0x015C	0x2959      	GOTO       L_Start_Signal0
0x015D	0x0000      	NOP
;Gas_Smoke_Leakage.c,37 :: 		DHT11_PIN = 1;                              // Connection pin output high
0x015E	0x1406      	BSF        RB0_bit, BitPos(RB0_bit+0)
;Gas_Smoke_Leakage.c,38 :: 		delay_us(25);                               // Wait 25 us
0x015F	0x3010      	MOVLW      16
0x0160	0x00FD      	MOVWF      R13
L_Start_Signal1:
0x0161	0x0BFD      	DECFSZ     R13, 1
0x0162	0x2961      	GOTO       L_Start_Signal1
0x0163	0x0000      	NOP
;Gas_Smoke_Leakage.c,39 :: 		DHT11_PIN_Direction = 1;                    // Configure connection pin as input
0x0164	0x1683      	BSF        STATUS, 5
0x0165	0x1406      	BSF        TRISB0_bit, BitPos(TRISB0_bit+0)
;Gas_Smoke_Leakage.c,40 :: 		}
L_end_Start_Signal:
0x0166	0x0008      	RETURN
; end of _Start_Signal
_Lcd_Init:
;__Lib_Lcd.c,84 :: 		
;__Lib_Lcd.c,86 :: 		
0x0167	0x1683      	BSF        STATUS, 5
0x0168	0x1303      	BCF        STATUS, 6
0x0169	0x1088      	BCF        LCD_EN_Direction, BitPos(LCD_EN_Direction+0)
;__Lib_Lcd.c,87 :: 		
0x016A	0x1008      	BCF        LCD_RS_Direction, BitPos(LCD_RS_Direction+0)
;__Lib_Lcd.c,88 :: 		
0x016B	0x1108      	BCF        LCD_D4_Direction, BitPos(LCD_D4_Direction+0)
;__Lib_Lcd.c,89 :: 		
0x016C	0x1188      	BCF        LCD_D5_Direction, BitPos(LCD_D5_Direction+0)
;__Lib_Lcd.c,90 :: 		
0x016D	0x1208      	BCF        LCD_D6_Direction, BitPos(LCD_D6_Direction+0)
;__Lib_Lcd.c,91 :: 		
0x016E	0x1288      	BCF        LCD_D7_Direction, BitPos(LCD_D7_Direction+0)
;__Lib_Lcd.c,93 :: 		
0x016F	0x1283      	BCF        STATUS, 5
0x0170	0x1088      	BCF        LCD_EN, BitPos(LCD_EN+0)
;__Lib_Lcd.c,94 :: 		
0x0171	0x1008      	BCF        LCD_RS, BitPos(LCD_RS+0)
;__Lib_Lcd.c,95 :: 		
0x0172	0x1288      	BCF        LCD_D7, BitPos(LCD_D7+0)
;__Lib_Lcd.c,96 :: 		
0x0173	0x1208      	BCF        LCD_D6, BitPos(LCD_D6+0)
;__Lib_Lcd.c,97 :: 		
0x0174	0x1188      	BCF        LCD_D5, BitPos(LCD_D5+0)
;__Lib_Lcd.c,98 :: 		
0x0175	0x1108      	BCF        LCD_D4, BitPos(LCD_D4+0)
;__Lib_Lcd.c,100 :: 		
0x0176	0x200D      	CALL       _Delay_5500us
;__Lib_Lcd.c,101 :: 		
0x0177	0x200D      	CALL       _Delay_5500us
;__Lib_Lcd.c,102 :: 		
0x0178	0x200D      	CALL       _Delay_5500us
;__Lib_Lcd.c,105 :: 		
0x0179	0x1588      	BSF        LCD_D5, BitPos(LCD_D5+0)
;__Lib_Lcd.c,106 :: 		
0x017A	0x1508      	BSF        LCD_D4, BitPos(LCD_D4+0)
;__Lib_Lcd.c,107 :: 		
0x017B	0x1488      	BSF        LCD_EN, BitPos(LCD_EN+0)
;__Lib_Lcd.c,108 :: 		
0x017C	0x200A      	CALL       _Delay_1us
;__Lib_Lcd.c,109 :: 		
0x017D	0x1088      	BCF        LCD_EN, BitPos(LCD_EN+0)
;__Lib_Lcd.c,110 :: 		
0x017E	0x200D      	CALL       _Delay_5500us
;__Lib_Lcd.c,112 :: 		
0x017F	0x1488      	BSF        LCD_EN, BitPos(LCD_EN+0)
;__Lib_Lcd.c,113 :: 		
0x0180	0x200A      	CALL       _Delay_1us
;__Lib_Lcd.c,114 :: 		
0x0181	0x1088      	BCF        LCD_EN, BitPos(LCD_EN+0)
;__Lib_Lcd.c,115 :: 		
0x0182	0x200D      	CALL       _Delay_5500us
;__Lib_Lcd.c,117 :: 		
0x0183	0x1488      	BSF        LCD_EN, BitPos(LCD_EN+0)
;__Lib_Lcd.c,118 :: 		
0x0184	0x200A      	CALL       _Delay_1us
;__Lib_Lcd.c,119 :: 		
0x0185	0x1088      	BCF        LCD_EN, BitPos(LCD_EN+0)
;__Lib_Lcd.c,120 :: 		
0x0186	0x200D      	CALL       _Delay_5500us
;__Lib_Lcd.c,123 :: 		
0x0187	0x1108      	BCF        LCD_D4, BitPos(LCD_D4+0)
;__Lib_Lcd.c,124 :: 		
0x0188	0x1488      	BSF        LCD_EN, BitPos(LCD_EN+0)
;__Lib_Lcd.c,125 :: 		
0x0189	0x200A      	CALL       _Delay_1us
;__Lib_Lcd.c,126 :: 		
0x018A	0x1088      	BCF        LCD_EN, BitPos(LCD_EN+0)
;__Lib_Lcd.c,127 :: 		
0x018B	0x200D      	CALL       _Delay_5500us
;__Lib_Lcd.c,130 :: 		
0x018C	0x1488      	BSF        LCD_EN, BitPos(LCD_EN+0)
;__Lib_Lcd.c,131 :: 		
0x018D	0x200A      	CALL       _Delay_1us
;__Lib_Lcd.c,132 :: 		
0x018E	0x1088      	BCF        LCD_EN, BitPos(LCD_EN+0)
;__Lib_Lcd.c,134 :: 		
0x018F	0x1188      	BCF        LCD_D5, BitPos(LCD_D5+0)
;__Lib_Lcd.c,135 :: 		
0x0190	0x1688      	BSF        LCD_D7, BitPos(LCD_D7+0)
;__Lib_Lcd.c,136 :: 		
0x0191	0x1488      	BSF        LCD_EN, BitPos(LCD_EN+0)
;__Lib_Lcd.c,137 :: 		
0x0192	0x200A      	CALL       _Delay_1us
;__Lib_Lcd.c,138 :: 		
0x0193	0x1088      	BCF        LCD_EN, BitPos(LCD_EN+0)
;__Lib_Lcd.c,139 :: 		
0x0194	0x200D      	CALL       _Delay_5500us
;__Lib_Lcd.c,142 :: 		
0x0195	0x1288      	BCF        LCD_D7, BitPos(LCD_D7+0)
;__Lib_Lcd.c,143 :: 		
0x0196	0x1508      	BSF        LCD_D4, BitPos(LCD_D4+0)
;__Lib_Lcd.c,144 :: 		
0x0197	0x1488      	BSF        LCD_EN, BitPos(LCD_EN+0)
;__Lib_Lcd.c,145 :: 		
0x0198	0x200A      	CALL       _Delay_1us
;__Lib_Lcd.c,146 :: 		
0x0199	0x1088      	BCF        LCD_EN, BitPos(LCD_EN+0)
;__Lib_Lcd.c,148 :: 		
0x019A	0x1108      	BCF        LCD_D4, BitPos(LCD_D4+0)
;__Lib_Lcd.c,149 :: 		
0x019B	0x1488      	BSF        LCD_EN, BitPos(LCD_EN+0)
;__Lib_Lcd.c,150 :: 		
0x019C	0x200A      	CALL       _Delay_1us
;__Lib_Lcd.c,151 :: 		
0x019D	0x1088      	BCF        LCD_EN, BitPos(LCD_EN+0)
;__Lib_Lcd.c,152 :: 		
0x019E	0x200D      	CALL       _Delay_5500us
;__Lib_Lcd.c,155 :: 		
0x019F	0x1488      	BSF        LCD_EN, BitPos(LCD_EN+0)
;__Lib_Lcd.c,156 :: 		
0x01A0	0x200A      	CALL       _Delay_1us
;__Lib_Lcd.c,157 :: 		
0x01A1	0x1088      	BCF        LCD_EN, BitPos(LCD_EN+0)
;__Lib_Lcd.c,159 :: 		
0x01A2	0x1508      	BSF        LCD_D4, BitPos(LCD_D4+0)
;__Lib_Lcd.c,160 :: 		
0x01A3	0x1488      	BSF        LCD_EN, BitPos(LCD_EN+0)
;__Lib_Lcd.c,161 :: 		
0x01A4	0x200A      	CALL       _Delay_1us
;__Lib_Lcd.c,162 :: 		
0x01A5	0x1088      	BCF        LCD_EN, BitPos(LCD_EN+0)
;__Lib_Lcd.c,163 :: 		
0x01A6	0x200D      	CALL       _Delay_5500us
;__Lib_Lcd.c,166 :: 		
0x01A7	0x1108      	BCF        LCD_D4, BitPos(LCD_D4+0)
;__Lib_Lcd.c,167 :: 		
0x01A8	0x1488      	BSF        LCD_EN, BitPos(LCD_EN+0)
;__Lib_Lcd.c,168 :: 		
0x01A9	0x200A      	CALL       _Delay_1us
;__Lib_Lcd.c,169 :: 		
0x01AA	0x1088      	BCF        LCD_EN, BitPos(LCD_EN+0)
;__Lib_Lcd.c,171 :: 		
0x01AB	0x1688      	BSF        LCD_D7, BitPos(LCD_D7+0)
;__Lib_Lcd.c,172 :: 		
0x01AC	0x1608      	BSF        LCD_D6, BitPos(LCD_D6+0)
;__Lib_Lcd.c,173 :: 		
0x01AD	0x1588      	BSF        LCD_D5, BitPos(LCD_D5+0)
;__Lib_Lcd.c,174 :: 		
0x01AE	0x1508      	BSF        LCD_D4, BitPos(LCD_D4+0)
;__Lib_Lcd.c,175 :: 		
0x01AF	0x1488      	BSF        LCD_EN, BitPos(LCD_EN+0)
;__Lib_Lcd.c,176 :: 		
0x01B0	0x200A      	CALL       _Delay_1us
;__Lib_Lcd.c,177 :: 		
0x01B1	0x1088      	BCF        LCD_EN, BitPos(LCD_EN+0)
;__Lib_Lcd.c,179 :: 		
0x01B2	0x200D      	CALL       _Delay_5500us
;__Lib_Lcd.c,181 :: 		
0x01B3	0x1683      	BSF        STATUS, 5
0x01B4	0x142B      	BSF        __Lib_Lcd_cmd_status, BitPos(__Lib_Lcd_cmd_status+0)
;__Lib_Lcd.c,182 :: 		
L_end_Lcd_Init:
0x01B5	0x0008      	RETURN
; end of _Lcd_Init
_main:
0x01B6	0x233A      	CALL       826
;Gas_Smoke_Leakage.c,81 :: 		void main() {
;Gas_Smoke_Leakage.c,84 :: 		trisd.f7 = 1;
0x01B7	0x1683      	BSF        STATUS, 5
0x01B8	0x1303      	BCF        STATUS, 6
0x01B9	0x1788      	BSF        TRISD, 7
;Gas_Smoke_Leakage.c,85 :: 		TRISb.f1 = 0;
0x01BA	0x1086      	BCF        TRISB, 1
;Gas_Smoke_Leakage.c,86 :: 		TRISb.f2 = 0;
0x01BB	0x1106      	BCF        TRISB, 2
;Gas_Smoke_Leakage.c,87 :: 		PORTb.f1 = 0;
0x01BC	0x1283      	BCF        STATUS, 5
0x01BD	0x1086      	BCF        PORTB, 1
;Gas_Smoke_Leakage.c,88 :: 		PORTb.f2 = 0;
0x01BE	0x1106      	BCF        PORTB, 2
;Gas_Smoke_Leakage.c,90 :: 		T1CON = 0x10;                    // Set Timer1 clock source to internal with 1:2 prescaler (Timer1 clock = 1MHz)
0x01BF	0x3010      	MOVLW      16
0x01C0	0x0090      	MOVWF      T1CON
;Gas_Smoke_Leakage.c,91 :: 		TMR1H = 0;                       // Reset Timer1
0x01C1	0x018F      	CLRF       TMR1H
;Gas_Smoke_Leakage.c,92 :: 		TMR1L = 0;
0x01C2	0x018E      	CLRF       TMR1L
;Gas_Smoke_Leakage.c,93 :: 		Lcd_Init();                      // Initialize LCD module
0x01C3	0x2167      	CALL       _Lcd_Init
;Gas_Smoke_Leakage.c,94 :: 		Lcd_Cmd(_LCD_CURSOR_OFF);        // cursor off
0x01C4	0x300C      	MOVLW      12
0x01C5	0x00B5      	MOVWF      FARG_Lcd_Cmd_out_char
0x01C6	0x201A      	CALL       _Lcd_Cmd
;Gas_Smoke_Leakage.c,95 :: 		Lcd_Cmd(_LCD_CLEAR);             // clear LCD
0x01C7	0x3001      	MOVLW      1
0x01C8	0x1683      	BSF        STATUS, 5
0x01C9	0x00B5      	MOVWF      FARG_Lcd_Cmd_out_char
0x01CA	0x201A      	CALL       _Lcd_Cmd
;Gas_Smoke_Leakage.c,96 :: 		while(1) {
L_main24:
;Gas_Smoke_Leakage.c,99 :: 		if(PORTD.f7 == 1){
0x01CB	0x1F88      	BTFSS      PORTD, 7
0x01CC	0x2A00      	GOTO       L_main26
;Gas_Smoke_Leakage.c,100 :: 		for(loop = 0;loop<10;loop++){
0x01CD	0x01EC      	CLRF       _loop
0x01CE	0x01ED      	CLRF       _loop+1
L_main27:
0x01CF	0x3080      	MOVLW      128
0x01D0	0x066D      	XORWF      _loop+1, 0
0x01D1	0x00F0      	MOVWF      R0
0x01D2	0x3080      	MOVLW      128
0x01D3	0x0270      	SUBWF      R0, 0
0x01D4	0x1D03      	BTFSS      STATUS, 2
0x01D5	0x29D8      	GOTO       L__main51
0x01D6	0x300A      	MOVLW      10
0x01D7	0x026C      	SUBWF      _loop, 0
L__main51:
0x01D8	0x1803      	BTFSC      STATUS, 0
0x01D9	0x2A00      	GOTO       L_main28
;Gas_Smoke_Leakage.c,101 :: 		Portb.f2 = 1;
0x01DA	0x1506      	BSF        PORTB, 2
;Gas_Smoke_Leakage.c,102 :: 		Portb.f1 = 1;
0x01DB	0x1486      	BSF        PORTB, 1
;Gas_Smoke_Leakage.c,103 :: 		delay_ms(100);
0x01DC	0x3002      	MOVLW      2
0x01DD	0x00FB      	MOVWF      R11
0x01DE	0x3004      	MOVLW      4
0x01DF	0x00FC      	MOVWF      R12
0x01E0	0x30BA      	MOVLW      186
0x01E1	0x00FD      	MOVWF      R13
L_main30:
0x01E2	0x0BFD      	DECFSZ     R13, 1
0x01E3	0x29E2      	GOTO       L_main30
0x01E4	0x0BFC      	DECFSZ     R12, 1
0x01E5	0x29E2      	GOTO       L_main30
0x01E6	0x0BFB      	DECFSZ     R11, 1
0x01E7	0x29E2      	GOTO       L_main30
0x01E8	0x0000      	NOP
;Gas_Smoke_Leakage.c,104 :: 		Portb.f2 = 0;
0x01E9	0x1106      	BCF        PORTB, 2
;Gas_Smoke_Leakage.c,105 :: 		Portb.f1 = 0;
0x01EA	0x1086      	BCF        PORTB, 1
;Gas_Smoke_Leakage.c,106 :: 		delay_ms(100);
0x01EB	0x3002      	MOVLW      2
0x01EC	0x00FB      	MOVWF      R11
0x01ED	0x3004      	MOVLW      4
0x01EE	0x00FC      	MOVWF      R12
0x01EF	0x30BA      	MOVLW      186
0x01F0	0x00FD      	MOVWF      R13
L_main31:
0x01F1	0x0BFD      	DECFSZ     R13, 1
0x01F2	0x29F1      	GOTO       L_main31
0x01F3	0x0BFC      	DECFSZ     R12, 1
0x01F4	0x29F1      	GOTO       L_main31
0x01F5	0x0BFB      	DECFSZ     R11, 1
0x01F6	0x29F1      	GOTO       L_main31
0x01F7	0x0000      	NOP
;Gas_Smoke_Leakage.c,107 :: 		Portb.f2 = 1;
0x01F8	0x1506      	BSF        PORTB, 2
;Gas_Smoke_Leakage.c,108 :: 		Portb.f1 = 1;
0x01F9	0x1486      	BSF        PORTB, 1
;Gas_Smoke_Leakage.c,109 :: 		Portb.f2 = 0;
0x01FA	0x1106      	BCF        PORTB, 2
;Gas_Smoke_Leakage.c,110 :: 		Portb.f1 = 0;
0x01FB	0x1086      	BCF        PORTB, 1
;Gas_Smoke_Leakage.c,100 :: 		for(loop = 0;loop<10;loop++){
0x01FC	0x0AEC      	INCF       _loop, 1
0x01FD	0x1903      	BTFSC      STATUS, 2
0x01FE	0x0AED      	INCF       _loop+1, 1
;Gas_Smoke_Leakage.c,111 :: 		}
0x01FF	0x29CF      	GOTO       L_main27
L_main28:
;Gas_Smoke_Leakage.c,112 :: 		}
L_main26:
;Gas_Smoke_Leakage.c,113 :: 		if(PORTD.f7 == 0){
0x0200	0x1B88      	BTFSC      PORTD, 7
0x0201	0x2A04      	GOTO       L_main32
;Gas_Smoke_Leakage.c,114 :: 		Portb.f1 = 0;
0x0202	0x1086      	BCF        PORTB, 1
;Gas_Smoke_Leakage.c,115 :: 		Portb.f2 = 0;
0x0203	0x1106      	BCF        PORTB, 2
;Gas_Smoke_Leakage.c,116 :: 		}
L_main32:
;Gas_Smoke_Leakage.c,119 :: 		Start_Signal();                // Send start signal to the sensor
0x0204	0x2150      	CALL       _Start_Signal
;Gas_Smoke_Leakage.c,121 :: 		if(Check_Response()) {         // Check if there is a response from sensor (If OK start reding humidity and temperature data)
0x0205	0x2088      	CALL       _Check_Response
0x0206	0x0870      	MOVF       R0, 0
0x0207	0x1903      	BTFSC      STATUS, 2
0x0208	0x2AB9      	GOTO       L_main33
;Gas_Smoke_Leakage.c,123 :: 		if(Read_Data(&RH_byte1) || Read_Data(&RH_byte2) || Read_Data(&T_byte1) || Read_Data(&T_byte2) || Read_Data(&Checksum)) {
0x0209	0x30AA      	MOVLW      _RH_byte1
0x020A	0x1683      	BSF        STATUS, 5
0x020B	0x00B0      	MOVWF      FARG_Read_Data_dht_data
0x020C	0x20AC      	CALL       _Read_Data
0x020D	0x1283      	BCF        STATUS, 5
0x020E	0x1303      	BCF        STATUS, 6
0x020F	0x0870      	MOVF       R0, 0
0x0210	0x1D03      	BTFSS      STATUS, 2
0x0211	0x2A37      	GOTO       L__main44
0x0212	0x30AD      	MOVLW      _RH_byte2
0x0213	0x1683      	BSF        STATUS, 5
0x0214	0x00B0      	MOVWF      FARG_Read_Data_dht_data
0x0215	0x20AC      	CALL       _Read_Data
0x0216	0x1283      	BCF        STATUS, 5
0x0217	0x1303      	BCF        STATUS, 6
0x0218	0x0870      	MOVF       R0, 0
0x0219	0x1D03      	BTFSS      STATUS, 2
0x021A	0x2A37      	GOTO       L__main44
0x021B	0x30AC      	MOVLW      _T_byte1
0x021C	0x1683      	BSF        STATUS, 5
0x021D	0x00B0      	MOVWF      FARG_Read_Data_dht_data
0x021E	0x20AC      	CALL       _Read_Data
0x021F	0x1283      	BCF        STATUS, 5
0x0220	0x1303      	BCF        STATUS, 6
0x0221	0x0870      	MOVF       R0, 0
0x0222	0x1D03      	BTFSS      STATUS, 2
0x0223	0x2A37      	GOTO       L__main44
0x0224	0x30AE      	MOVLW      _T_byte2
0x0225	0x1683      	BSF        STATUS, 5
0x0226	0x00B0      	MOVWF      FARG_Read_Data_dht_data
0x0227	0x20AC      	CALL       _Read_Data
0x0228	0x1283      	BCF        STATUS, 5
0x0229	0x1303      	BCF        STATUS, 6
0x022A	0x0870      	MOVF       R0, 0
0x022B	0x1D03      	BTFSS      STATUS, 2
0x022C	0x2A37      	GOTO       L__main44
0x022D	0x30AF      	MOVLW      _CheckSum
0x022E	0x1683      	BSF        STATUS, 5
0x022F	0x00B0      	MOVWF      FARG_Read_Data_dht_data
0x0230	0x20AC      	CALL       _Read_Data
0x0231	0x1283      	BCF        STATUS, 5
0x0232	0x1303      	BCF        STATUS, 6
0x0233	0x0870      	MOVF       R0, 0
0x0234	0x1D03      	BTFSS      STATUS, 2
0x0235	0x2A37      	GOTO       L__main44
0x0236	0x2A44      	GOTO       L_main36
L__main44:
;Gas_Smoke_Leakage.c,124 :: 		Lcd_Cmd(_LCD_CLEAR);                               // clear LCD
0x0237	0x3001      	MOVLW      1
0x0238	0x1683      	BSF        STATUS, 5
0x0239	0x00B5      	MOVWF      FARG_Lcd_Cmd_out_char
0x023A	0x201A      	CALL       _Lcd_Cmd
;Gas_Smoke_Leakage.c,125 :: 		lcd_out(1, 5, "Time out!");                        // Display "Time out!"
0x023B	0x3001      	MOVLW      1
0x023C	0x1683      	BSF        STATUS, 5
0x023D	0x00B0      	MOVWF      FARG_Lcd_Out_row
0x023E	0x3005      	MOVLW      5
0x023F	0x00B1      	MOVWF      FARG_Lcd_Out_column
0x0240	0x30A0      	MOVLW      ?lstr1_Gas_Smoke_Leakage
0x0241	0x00B2      	MOVWF      FARG_Lcd_Out_text
0x0242	0x20F2      	CALL       _Lcd_Out
;Gas_Smoke_Leakage.c,126 :: 		}
0x0243	0x2AB8      	GOTO       L_main37
L_main36:
0x0244	0x1683      	BSF        STATUS, 5
;Gas_Smoke_Leakage.c,128 :: 		if(CheckSum == ((RH_Byte1 + RH_Byte2 + T_Byte1 + T_Byte2) & 0xFF)) {
0x0245	0x082D      	MOVF       _RH_byte2, 0
0x0246	0x072A      	ADDWF      _RH_byte1, 0
0x0247	0x00F0      	MOVWF      R0
0x0248	0x01F1      	CLRF       R0+1
0x0249	0x1803      	BTFSC      STATUS, 0
0x024A	0x0AF1      	INCF       R0+1, 1
0x024B	0x082C      	MOVF       _T_byte1, 0
0x024C	0x07F0      	ADDWF      R0, 1
0x024D	0x1803      	BTFSC      STATUS, 0
0x024E	0x0AF1      	INCF       R0+1, 1
0x024F	0x082E      	MOVF       _T_byte2, 0
0x0250	0x07F0      	ADDWF      R0, 1
0x0251	0x1803      	BTFSC      STATUS, 0
0x0252	0x0AF1      	INCF       R0+1, 1
0x0253	0x30FF      	MOVLW      255
0x0254	0x0570      	ANDWF      R0, 0
0x0255	0x00F2      	MOVWF      R2
0x0256	0x0871      	MOVF       R0+1, 0
0x0257	0x00F3      	MOVWF      R2+1
0x0258	0x3000      	MOVLW      0
0x0259	0x05F3      	ANDWF      R2+1, 1
0x025A	0x3000      	MOVLW      0
0x025B	0x0673      	XORWF      R2+1, 0
0x025C	0x1D03      	BTFSS      STATUS, 2
0x025D	0x2A60      	GOTO       L__main52
0x025E	0x0872      	MOVF       R2, 0
0x025F	0x062F      	XORWF      _CheckSum, 0
L__main52:
0x0260	0x1D03      	BTFSS      STATUS, 2
0x0261	0x2AAD      	GOTO       L_main38
;Gas_Smoke_Leakage.c,130 :: 		temperature[7]  = T_Byte1/10  + 48;
0x0262	0x300A      	MOVLW      10
0x0263	0x00F4      	MOVWF      R4
0x0264	0x082C      	MOVF       _T_byte1, 0
0x0265	0x00F0      	MOVWF      R0
0x0266	0x213F      	CALL       _Div_8X8_U
0x0267	0x3030      	MOVLW      48
0x0268	0x0770      	ADDWF      R0, 0
0x0269	0x00E3      	MOVWF      _temperature+7
;Gas_Smoke_Leakage.c,131 :: 		temperature[8]  = T_Byte1%10  + 48;
0x026A	0x300A      	MOVLW      10
0x026B	0x00F4      	MOVWF      R4
0x026C	0x1683      	BSF        STATUS, 5
0x026D	0x082C      	MOVF       _T_byte1, 0
0x026E	0x00F0      	MOVWF      R0
0x026F	0x213F      	CALL       _Div_8X8_U
0x0270	0x0878      	MOVF       R8, 0
0x0271	0x00F0      	MOVWF      R0
0x0272	0x3030      	MOVLW      48
0x0273	0x0770      	ADDWF      R0, 0
0x0274	0x00E4      	MOVWF      _temperature+8
;Gas_Smoke_Leakage.c,132 :: 		temperature[10] = T_Byte2/10  + 48;
0x0275	0x300A      	MOVLW      10
0x0276	0x00F4      	MOVWF      R4
0x0277	0x1683      	BSF        STATUS, 5
0x0278	0x082E      	MOVF       _T_byte2, 0
0x0279	0x00F0      	MOVWF      R0
0x027A	0x213F      	CALL       _Div_8X8_U
0x027B	0x3030      	MOVLW      48
0x027C	0x0770      	ADDWF      R0, 0
0x027D	0x00E6      	MOVWF      _temperature+10
;Gas_Smoke_Leakage.c,133 :: 		humidity[7]     = RH_Byte1/10 + 48;
0x027E	0x300A      	MOVLW      10
0x027F	0x00F4      	MOVWF      R4
0x0280	0x1683      	BSF        STATUS, 5
0x0281	0x082A      	MOVF       _RH_byte1, 0
0x0282	0x00F0      	MOVWF      R0
0x0283	0x213F      	CALL       _Div_8X8_U
0x0284	0x3030      	MOVLW      48
0x0285	0x0770      	ADDWF      R0, 0
0x0286	0x00B7      	MOVWF      _humidity+7
;Gas_Smoke_Leakage.c,134 :: 		humidity[8]     = RH_Byte1%10 + 48;
0x0287	0x300A      	MOVLW      10
0x0288	0x00F4      	MOVWF      R4
0x0289	0x1683      	BSF        STATUS, 5
0x028A	0x082A      	MOVF       _RH_byte1, 0
0x028B	0x00F0      	MOVWF      R0
0x028C	0x213F      	CALL       _Div_8X8_U
0x028D	0x0878      	MOVF       R8, 0
0x028E	0x00F0      	MOVWF      R0
0x028F	0x3030      	MOVLW      48
0x0290	0x0770      	ADDWF      R0, 0
0x0291	0x00B8      	MOVWF      _humidity+8
;Gas_Smoke_Leakage.c,135 :: 		humidity[10]    = RH_Byte2/10 + 48;
0x0292	0x300A      	MOVLW      10
0x0293	0x00F4      	MOVWF      R4
0x0294	0x1683      	BSF        STATUS, 5
0x0295	0x082D      	MOVF       _RH_byte2, 0
0x0296	0x00F0      	MOVWF      R0
0x0297	0x213F      	CALL       _Div_8X8_U
0x0298	0x3030      	MOVLW      48
0x0299	0x0770      	ADDWF      R0, 0
0x029A	0x00BA      	MOVWF      _humidity+10
;Gas_Smoke_Leakage.c,136 :: 		temperature[11] = 223;                      // Put degree symbol (°)
0x029B	0x30DF      	MOVLW      223
0x029C	0x00E7      	MOVWF      _temperature+11
;Gas_Smoke_Leakage.c,137 :: 		lcd_out(1, 1, temperature);
0x029D	0x3001      	MOVLW      1
0x029E	0x1683      	BSF        STATUS, 5
0x029F	0x00B0      	MOVWF      FARG_Lcd_Out_row
0x02A0	0x3001      	MOVLW      1
0x02A1	0x00B1      	MOVWF      FARG_Lcd_Out_column
0x02A2	0x305C      	MOVLW      _temperature
0x02A3	0x00B2      	MOVWF      FARG_Lcd_Out_text
0x02A4	0x20F2      	CALL       _Lcd_Out
;Gas_Smoke_Leakage.c,138 :: 		lcd_out(2, 1, humidity);
0x02A5	0x3002      	MOVLW      2
0x02A6	0x00B0      	MOVWF      FARG_Lcd_Out_row
0x02A7	0x3001      	MOVLW      1
0x02A8	0x00B1      	MOVWF      FARG_Lcd_Out_column
0x02A9	0x3030      	MOVLW      _humidity
0x02AA	0x00B2      	MOVWF      FARG_Lcd_Out_text
0x02AB	0x20F2      	CALL       _Lcd_Out
;Gas_Smoke_Leakage.c,139 :: 		}
0x02AC	0x2AB8      	GOTO       L_main39
L_main38:
;Gas_Smoke_Leakage.c,142 :: 		Lcd_Cmd(_LCD_CLEAR);                        // clear LCD
0x02AD	0x3001      	MOVLW      1
0x02AE	0x00B5      	MOVWF      FARG_Lcd_Cmd_out_char
0x02AF	0x201A      	CALL       _Lcd_Cmd
;Gas_Smoke_Leakage.c,143 :: 		lcd_out(1, 1, "Checksum Error!");
0x02B0	0x3001      	MOVLW      1
0x02B1	0x1683      	BSF        STATUS, 5
0x02B2	0x00B0      	MOVWF      FARG_Lcd_Out_row
0x02B3	0x3001      	MOVLW      1
0x02B4	0x00B1      	MOVWF      FARG_Lcd_Out_column
0x02B5	0x3020      	MOVLW      ?lstr2_Gas_Smoke_Leakage
0x02B6	0x00B2      	MOVWF      FARG_Lcd_Out_text
0x02B7	0x20F2      	CALL       _Lcd_Out
;Gas_Smoke_Leakage.c,144 :: 		}
L_main39:
;Gas_Smoke_Leakage.c,145 :: 		}
L_main37:
;Gas_Smoke_Leakage.c,146 :: 		}
0x02B8	0x2ACC      	GOTO       L_main40
L_main33:
0x02B9	0x1683      	BSF        STATUS, 5
;Gas_Smoke_Leakage.c,149 :: 		Lcd_Cmd(_LCD_CLEAR);                 // clear LCD
0x02BA	0x3001      	MOVLW      1
0x02BB	0x00B5      	MOVWF      FARG_Lcd_Cmd_out_char
0x02BC	0x201A      	CALL       _Lcd_Cmd
;Gas_Smoke_Leakage.c,150 :: 		lcd_out(1, 3, "No response");
0x02BD	0x3001      	MOVLW      1
0x02BE	0x1683      	BSF        STATUS, 5
0x02BF	0x00B0      	MOVWF      FARG_Lcd_Out_row
0x02C0	0x3003      	MOVLW      3
0x02C1	0x00B1      	MOVWF      FARG_Lcd_Out_column
0x02C2	0x3040      	MOVLW      ?lstr3_Gas_Smoke_Leakage
0x02C3	0x00B2      	MOVWF      FARG_Lcd_Out_text
0x02C4	0x20F2      	CALL       _Lcd_Out
;Gas_Smoke_Leakage.c,151 :: 		lcd_out(2, 1, "from the sensor");
0x02C5	0x3002      	MOVLW      2
0x02C6	0x00B0      	MOVWF      FARG_Lcd_Out_row
0x02C7	0x3001      	MOVLW      1
0x02C8	0x00B1      	MOVWF      FARG_Lcd_Out_column
0x02C9	0x304C      	MOVLW      ?lstr4_Gas_Smoke_Leakage
0x02CA	0x00B2      	MOVWF      FARG_Lcd_Out_text
0x02CB	0x20F2      	CALL       _Lcd_Out
;Gas_Smoke_Leakage.c,152 :: 		}
L_main40:
;Gas_Smoke_Leakage.c,154 :: 		TMR1ON_bit = 0;                        // Disable Timer1 module
0x02CC	0x1283      	BCF        STATUS, 5
0x02CD	0x1010      	BCF        TMR1ON_bit, BitPos(TMR1ON_bit+0)
;Gas_Smoke_Leakage.c,155 :: 		delay_ms(1000);                        // Wait 1 second
0x02CE	0x300B      	MOVLW      11
0x02CF	0x00FB      	MOVWF      R11
0x02D0	0x3026      	MOVLW      38
0x02D1	0x00FC      	MOVWF      R12
0x02D2	0x305D      	MOVLW      93
0x02D3	0x00FD      	MOVWF      R13
L_main41:
0x02D4	0x0BFD      	DECFSZ     R13, 1
0x02D5	0x2AD4      	GOTO       L_main41
0x02D6	0x0BFC      	DECFSZ     R12, 1
0x02D7	0x2AD4      	GOTO       L_main41
0x02D8	0x0BFB      	DECFSZ     R11, 1
0x02D9	0x2AD4      	GOTO       L_main41
0x02DA	0x0000      	NOP
0x02DB	0x0000      	NOP
;Gas_Smoke_Leakage.c,157 :: 		}
0x02DC	0x29CB      	GOTO       L_main24
;Gas_Smoke_Leakage.c,158 :: 		}
L_end_main:
0x02DD	0x2ADD      	GOTO       $+0
; end of _main
0x033A	0x3020      	MOVLW      32
0x033B	0x0084      	MOVWF      FSR
0x033C	0x304C      	MOVLW      76
0x033D	0x1283      	BCF        STATUS, 5
0x033E	0x1303      	BCF        STATUS, 6
0x033F	0x00F0      	MOVWF      R0
0x0340	0x30E3      	MOVLW      227
0x0341	0x00EE      	MOVWF      ___DoICPAddr
0x0342	0x3002      	MOVLW      2
0x0343	0x00EF      	MOVWF      111
0x0344	0x2133      	CALL       307
0x0345	0x30A0      	MOVLW      160
0x0346	0x0084      	MOVWF      FSR
0x0347	0x300A      	MOVLW      10
0x0348	0x1283      	BCF        STATUS, 5
0x0349	0x1303      	BCF        STATUS, 6
0x034A	0x00F0      	MOVWF      R0
0x034B	0x302F      	MOVLW      47
0x034C	0x00EE      	MOVWF      ___DoICPAddr
0x034D	0x3003      	MOVLW      3
0x034E	0x00EF      	MOVWF      111
0x034F	0x2133      	CALL       307
0x0350	0x0008      	RETURN
;Gas_Smoke_Leakage.c,0 :: ?ICS?lstr2_Gas_Smoke_Leakage
0x02E3	0x3443 ;?ICS?lstr2_Gas_Smoke_Leakage+0
0x02E4	0x3468 ;?ICS?lstr2_Gas_Smoke_Leakage+1
0x02E5	0x3465 ;?ICS?lstr2_Gas_Smoke_Leakage+2
0x02E6	0x3463 ;?ICS?lstr2_Gas_Smoke_Leakage+3
0x02E7	0x346B ;?ICS?lstr2_Gas_Smoke_Leakage+4
0x02E8	0x3473 ;?ICS?lstr2_Gas_Smoke_Leakage+5
0x02E9	0x3475 ;?ICS?lstr2_Gas_Smoke_Leakage+6
0x02EA	0x346D ;?ICS?lstr2_Gas_Smoke_Leakage+7
0x02EB	0x3420 ;?ICS?lstr2_Gas_Smoke_Leakage+8
0x02EC	0x3445 ;?ICS?lstr2_Gas_Smoke_Leakage+9
0x02ED	0x3472 ;?ICS?lstr2_Gas_Smoke_Leakage+10
0x02EE	0x3472 ;?ICS?lstr2_Gas_Smoke_Leakage+11
0x02EF	0x346F ;?ICS?lstr2_Gas_Smoke_Leakage+12
0x02F0	0x3472 ;?ICS?lstr2_Gas_Smoke_Leakage+13
0x02F1	0x3421 ;?ICS?lstr2_Gas_Smoke_Leakage+14
0x02F2	0x3400 ;?ICS?lstr2_Gas_Smoke_Leakage+15
; end of ?ICS?lstr2_Gas_Smoke_Leakage
;Gas_Smoke_Leakage.c,0 :: ?ICS_humidity
0x02F3	0x3452 ;?ICS_humidity+0
0x02F4	0x3448 ;?ICS_humidity+1
0x02F5	0x3420 ;?ICS_humidity+2
0x02F6	0x3420 ;?ICS_humidity+3
0x02F7	0x3420 ;?ICS_humidity+4
0x02F8	0x343D ;?ICS_humidity+5
0x02F9	0x3420 ;?ICS_humidity+6
0x02FA	0x3430 ;?ICS_humidity+7
0x02FB	0x3430 ;?ICS_humidity+8
0x02FC	0x342E ;?ICS_humidity+9
0x02FD	0x3430 ;?ICS_humidity+10
0x02FE	0x3420 ;?ICS_humidity+11
0x02FF	0x3425 ;?ICS_humidity+12
0x0300	0x3420 ;?ICS_humidity+13
0x0301	0x3420 ;?ICS_humidity+14
0x0302	0x3400 ;?ICS_humidity+15
; end of ?ICS_humidity
;Gas_Smoke_Leakage.c,0 :: ?ICS?lstr3_Gas_Smoke_Leakage
0x0303	0x344E ;?ICS?lstr3_Gas_Smoke_Leakage+0
0x0304	0x346F ;?ICS?lstr3_Gas_Smoke_Leakage+1
0x0305	0x3420 ;?ICS?lstr3_Gas_Smoke_Leakage+2
0x0306	0x3472 ;?ICS?lstr3_Gas_Smoke_Leakage+3
0x0307	0x3465 ;?ICS?lstr3_Gas_Smoke_Leakage+4
0x0308	0x3473 ;?ICS?lstr3_Gas_Smoke_Leakage+5
0x0309	0x3470 ;?ICS?lstr3_Gas_Smoke_Leakage+6
0x030A	0x346F ;?ICS?lstr3_Gas_Smoke_Leakage+7
0x030B	0x346E ;?ICS?lstr3_Gas_Smoke_Leakage+8
0x030C	0x3473 ;?ICS?lstr3_Gas_Smoke_Leakage+9
0x030D	0x3465 ;?ICS?lstr3_Gas_Smoke_Leakage+10
0x030E	0x3400 ;?ICS?lstr3_Gas_Smoke_Leakage+11
; end of ?ICS?lstr3_Gas_Smoke_Leakage
;Gas_Smoke_Leakage.c,0 :: ?ICS?lstr4_Gas_Smoke_Leakage
0x030F	0x3466 ;?ICS?lstr4_Gas_Smoke_Leakage+0
0x0310	0x3472 ;?ICS?lstr4_Gas_Smoke_Leakage+1
0x0311	0x346F ;?ICS?lstr4_Gas_Smoke_Leakage+2
0x0312	0x346D ;?ICS?lstr4_Gas_Smoke_Leakage+3
0x0313	0x3420 ;?ICS?lstr4_Gas_Smoke_Leakage+4
0x0314	0x3474 ;?ICS?lstr4_Gas_Smoke_Leakage+5
0x0315	0x3468 ;?ICS?lstr4_Gas_Smoke_Leakage+6
0x0316	0x3465 ;?ICS?lstr4_Gas_Smoke_Leakage+7
0x0317	0x3420 ;?ICS?lstr4_Gas_Smoke_Leakage+8
0x0318	0x3473 ;?ICS?lstr4_Gas_Smoke_Leakage+9
0x0319	0x3465 ;?ICS?lstr4_Gas_Smoke_Leakage+10
0x031A	0x346E ;?ICS?lstr4_Gas_Smoke_Leakage+11
0x031B	0x3473 ;?ICS?lstr4_Gas_Smoke_Leakage+12
0x031C	0x346F ;?ICS?lstr4_Gas_Smoke_Leakage+13
0x031D	0x3472 ;?ICS?lstr4_Gas_Smoke_Leakage+14
0x031E	0x3400 ;?ICS?lstr4_Gas_Smoke_Leakage+15
; end of ?ICS?lstr4_Gas_Smoke_Leakage
;Gas_Smoke_Leakage.c,0 :: ?ICS_temperature
0x031F	0x3454 ;?ICS_temperature+0
0x0320	0x3465 ;?ICS_temperature+1
0x0321	0x346D ;?ICS_temperature+2
0x0322	0x3470 ;?ICS_temperature+3
0x0323	0x3420 ;?ICS_temperature+4
0x0324	0x343D ;?ICS_temperature+5
0x0325	0x3420 ;?ICS_temperature+6
0x0326	0x3430 ;?ICS_temperature+7
0x0327	0x3430 ;?ICS_temperature+8
0x0328	0x342E ;?ICS_temperature+9
0x0329	0x3430 ;?ICS_temperature+10
0x032A	0x3420 ;?ICS_temperature+11
0x032B	0x3443 ;?ICS_temperature+12
0x032C	0x3420 ;?ICS_temperature+13
0x032D	0x3420 ;?ICS_temperature+14
0x032E	0x3400 ;?ICS_temperature+15
; end of ?ICS_temperature
;Gas_Smoke_Leakage.c,0 :: ?ICS?lstr1_Gas_Smoke_Leakage
0x032F	0x3454 ;?ICS?lstr1_Gas_Smoke_Leakage+0
0x0330	0x3469 ;?ICS?lstr1_Gas_Smoke_Leakage+1
0x0331	0x346D ;?ICS?lstr1_Gas_Smoke_Leakage+2
0x0332	0x3465 ;?ICS?lstr1_Gas_Smoke_Leakage+3
0x0333	0x3420 ;?ICS?lstr1_Gas_Smoke_Leakage+4
0x0334	0x346F ;?ICS?lstr1_Gas_Smoke_Leakage+5
0x0335	0x3475 ;?ICS?lstr1_Gas_Smoke_Leakage+6
0x0336	0x3474 ;?ICS?lstr1_Gas_Smoke_Leakage+7
0x0337	0x3421 ;?ICS?lstr1_Gas_Smoke_Leakage+8
0x0338	0x3400 ;?ICS?lstr1_Gas_Smoke_Leakage+9
; end of ?ICS?lstr1_Gas_Smoke_Leakage
Symbol List:
//** Routines locations **
//ADDRESS    SIZE    PROCEDURE
//----------------------------------------------
0x0003       [7]    _Delay_50us
0x000A       [3]    _Delay_1us
0x000D      [13]    _Delay_5500us
0x001A      [94]    _Lcd_Cmd
0x0078       [9]    _Lcd_Chr_CP
0x0081       [7]    _____DoICP
0x0088      [36]    _Check_Response
0x00AC      [70]    _Read_Data
0x00F2      [65]    _Lcd_Out
0x0133      [12]    ___CC2DW
0x013F      [17]    _Div_8X8_U
0x0150      [23]    _Start_Signal
0x0167      [79]    _Lcd_Init
0x01B6     [295]    _main
//** Variables locations ** 
//ADDRESS    SIZE    VARIABLE
//----------------------------------------------
0x0000       [1]    INDF
0x0002       [1]    PCL
0x0003       [1]    STATUS
0x0004       [1]    FSR
0x0006       [0]    DHT11_PIN
0x0006       [0]    RB0_bit
0x0006       [1]    PORTB
0x0008       [0]    LCD_D7
0x0008       [0]    LCD_D6
0x0008       [0]    RD1_bit
0x0008       [0]    RD0_bit
0x0008       [0]    LCD_D5
0x0008       [0]    LCD_RS
0x0008       [1]    PORTD
0x0008       [0]    LCD_D4
0x0008       [0]    LCD_EN
0x0008       [0]    RD2_bit
0x0008       [0]    RD5_bit
0x0008       [0]    RD4_bit
0x0008       [0]    RD3_bit
0x000A       [1]    PCLATH
0x000E       [1]    TMR1L
0x000F       [1]    TMR1H
0x0010       [1]    T1CON
0x0010       [0]    TMR1ON_bit
0x0020      [16]    ?lstr2_Gas_Smoke_Leakage
0x0030      [16]    _humidity
0x0040      [12]    ?lstr3_Gas_Smoke_Leakage
0x004C      [16]    ?lstr4_Gas_Smoke_Leakage
0x005C      [16]    _temperature
0x006C       [2]    _loop
0x006E       [2]    ___DoICPAddr
0x0070       [1]    R0
0x0071       [1]    R1
0x0072       [1]    R2
0x0073       [1]    R3
0x0074       [1]    R4
0x0075       [1]    R5
0x0076       [1]    R6
0x0077       [1]    R7
0x0078       [1]    R8
0x0079       [1]    R9
0x007A       [1]    R10
0x007B       [1]    R11
0x007C       [1]    R12
0x007D       [1]    R13
0x007E       [1]    R14
0x007F       [1]    R15
0x0086       [0]    DHT11_PIN_Direction
0x0086       [0]    TRISB0_bit
0x0086       [1]    TRISB
0x0088       [0]    TRISD2_bit
0x0088       [0]    TRISD3_bit
0x0088       [0]    TRISD1_bit
0x0088       [1]    TRISD
0x0088       [0]    TRISD4_bit
0x0088       [0]    TRISD5_bit
0x0088       [0]    LCD_D6_Direction
0x0088       [0]    LCD_D5_Direction
0x0088       [0]    LCD_D7_Direction
0x0088       [0]    LCD_RS_Direction
0x0088       [0]    TRISD0_bit
0x0088       [0]    LCD_D4_Direction
0x0088       [0]    LCD_EN_Direction
0x00A0      [10]    ?lstr1_Gas_Smoke_Leakage
0x00AA       [1]    _RH_byte1
0x00AB       [0]    __Lib_Lcd_cmd_status
0x00AC       [1]    _T_byte1
0x00AD       [1]    _RH_byte2
0x00AE       [1]    _T_byte2
0x00AF       [1]    _CheckSum
0x00B0       [1]    FARG_Read_Data_dht_data
0x00B0       [1]    FARG_Lcd_Out_row
0x00B1       [1]    FARG_Lcd_Out_column
0x00B2       [1]    FARG_Lcd_Out_text
0x00B3       [1]    Lcd_Out_i_L0
0x00B4       [1]    FARG_Lcd_Chr_CP_out_char
0x00B5       [1]    FARG_Lcd_Cmd_out_char
//** Constants locations ** 
//ADDRESS    SIZE    CONSTANT
//----------------------------------------------
0x02E3      [16]    ?ICS?lstr2_Gas_Smoke_Leakage
0x02F3      [16]    ?ICS_humidity
0x0303      [12]    ?ICS?lstr3_Gas_Smoke_Leakage
0x030F      [16]    ?ICS?lstr4_Gas_Smoke_Leakage
0x031F      [16]    ?ICS_temperature
0x032F      [10]    ?ICS?lstr1_Gas_Smoke_Leakage
