;  LST file generated by mikroListExporter - v.2.0 
; Date/Time: 9/21/2022 2:18:08 PM
;----------------------------------------------

;Address Opcode 	ASM
0x0000	0x293F      	GOTO       319
_Div_16x16_S_L:
;__Lib_Math.c,421 :: 		
;__Lib_Math.c,427 :: 		
0x0003	0x0D71      	RLF        R1, 0
;__Lib_Math.c,428 :: 		
0x0004	0x0DF8      	RLF        R8, 1
;__Lib_Math.c,429 :: 		
0x0005	0x0DF9      	RLF        R9, 1
;__Lib_Math.c,430 :: 		
0x0006	0x0874      	MOVF       R4, 0
;__Lib_Math.c,431 :: 		
0x0007	0x02F8      	SUBWF      R8, 1
;__Lib_Math.c,432 :: 		
0x0008	0x0875      	MOVF       R5, 0
;__Lib_Math.c,433 :: 		
0x0009	0x1C03      	BTFSS      STATUS, 0
;__Lib_Math.c,434 :: 		
0x000A	0x0F75      	INCFSZ     R5, 0
;__Lib_Math.c,435 :: 		
0x000B	0x02F9      	SUBWF      R9, 1
;__Lib_Math.c,436 :: 		
0x000C	0x0DF0      	RLF        R0, 1
;__Lib_Math.c,437 :: 		
0x000D	0x0DF1      	RLF        R1, 1
;__Lib_Math.c,439 :: 		
0x000E	0x300F      	MOVLW      15
;__Lib_Math.c,440 :: 		
0x000F	0x00FC      	MOVWF      R12
;__Lib_Math.c,442 :: 		
0x0010	0x0D71      	RLF        R1, 0
;__Lib_Math.c,443 :: 		
0x0011	0x0DF8      	RLF        R8, 1
;__Lib_Math.c,444 :: 		
0x0012	0x0DF9      	RLF        R9, 1
;__Lib_Math.c,445 :: 		
0x0013	0x0874      	MOVF       R4, 0
;__Lib_Math.c,447 :: 		
0x0014	0x1C70      	BTFSS      R0, 0
;__Lib_Math.c,448 :: 		
0x0015	0x281C      	GOTO       $+7
;__Lib_Math.c,449 :: 		
0x0016	0x02F8      	SUBWF      R8, 1
;__Lib_Math.c,450 :: 		
0x0017	0x0875      	MOVF       R5, 0
;__Lib_Math.c,451 :: 		
0x0018	0x1C03      	BTFSS      STATUS, 0
;__Lib_Math.c,452 :: 		
0x0019	0x0F75      	INCFSZ     R5, 0
;__Lib_Math.c,453 :: 		
0x001A	0x02F9      	SUBWF      R9, 1
;__Lib_Math.c,454 :: 		
0x001B	0x2821      	GOTO       $+6
;__Lib_Math.c,456 :: 		
0x001C	0x07F8      	ADDWF      R8, 1
;__Lib_Math.c,457 :: 		
0x001D	0x0875      	MOVF       R5, 0
;__Lib_Math.c,458 :: 		
0x001E	0x1803      	BTFSC      STATUS, 0
;__Lib_Math.c,459 :: 		
0x001F	0x0F75      	INCFSZ     R5, 0
;__Lib_Math.c,460 :: 		
0x0020	0x07F9      	ADDWF      R9, 1
;__Lib_Math.c,462 :: 		
0x0021	0x0DF0      	RLF        R0, 1
;__Lib_Math.c,463 :: 		
0x0022	0x0DF1      	RLF        R1, 1
;__Lib_Math.c,465 :: 		
0x0023	0x0BFC      	DECFSZ     R12, 1
;__Lib_Math.c,466 :: 		
0x0024	0x2810      	GOTO       $-20
;__Lib_Math.c,468 :: 		
0x0025	0x1870      	BTFSC      R0, 0
;__Lib_Math.c,469 :: 		
0x0026	0x282D      	GOTO       $+7
;__Lib_Math.c,470 :: 		
0x0027	0x0874      	MOVF       R4, 0
;__Lib_Math.c,471 :: 		
0x0028	0x07F8      	ADDWF      R8, 1
;__Lib_Math.c,472 :: 		
0x0029	0x0875      	MOVF       R5, 0
;__Lib_Math.c,473 :: 		
0x002A	0x1803      	BTFSC      STATUS, 0
;__Lib_Math.c,474 :: 		
0x002B	0x0F75      	INCFSZ     R5, 0
;__Lib_Math.c,475 :: 		
0x002C	0x07F9      	ADDWF      R9, 1
;__Lib_Math.c,476 :: 		
0x002D	0x0000      	NOP
;__Lib_Math.c,478 :: 		
L_end_Div_16x16_S_L:
0x002E	0x0008      	RETURN
; end of _Div_16x16_S_L
_Div_16x16_S:
;__Lib_Math.c,480 :: 		
;__Lib_Math.c,488 :: 		
0x002F	0x1283      	BCF        STATUS, 5
0x0030	0x1303      	BCF        STATUS, 6
0x0031	0x0874      	MOVF       R4, 0
0x0032	0x3A00      	XORLW      0
0x0033	0x1D03      	BTFSS      STATUS, 2
0x0034	0x283E      	GOTO       L_Div_16x16_S0
;__Lib_Math.c,489 :: 		
0x0035	0x0875      	MOVF       R5, 0
0x0036	0x3A00      	XORLW      0
0x0037	0x1D03      	BTFSS      STATUS, 2
0x0038	0x283E      	GOTO       L_Div_16x16_S1
;__Lib_Math.c,490 :: 		
0x0039	0x30FF      	MOVLW      255
0x003A	0x00F0      	MOVWF      R0
;__Lib_Math.c,491 :: 		
0x003B	0x307F      	MOVLW      127
0x003C	0x00F1      	MOVWF      R1
;__Lib_Math.c,492 :: 		
0x003D	0x2897      	GOTO       L_end_Div_16x16_S
;__Lib_Math.c,493 :: 		
L_Div_16x16_S1:
L_Div_16x16_S0:
;__Lib_Math.c,496 :: 		
0x003E	0x1283      	BCF        STATUS, 5
;__Lib_Math.c,497 :: 		
0x003F	0x1303      	BCF        STATUS, 6
;__Lib_Math.c,498 :: 		
0x0040	0x01FD      	CLRF       R13
;__Lib_Math.c,499 :: 		
0x0041	0x01F9      	CLRF       R9
;__Lib_Math.c,500 :: 		
0x0042	0x01F8      	CLRF       R8
;__Lib_Math.c,501 :: 		
0x0043	0x0871      	MOVF       R1, 0
;__Lib_Math.c,502 :: 		
0x0044	0x0470      	IORWF      R0, 0
;__Lib_Math.c,503 :: 		
0x0045	0x1903      	BTFSC      STATUS, 2
;__Lib_Math.c,504 :: 		
0x0046	0x3400      	RETLW      0
;__Lib_Math.c,506 :: 		
0x0047	0x0871      	MOVF       R1, 0
;__Lib_Math.c,507 :: 		
0x0048	0x0675      	XORWF      R5, 0
;__Lib_Math.c,508 :: 		
0x0049	0x00FA      	MOVWF      R10
;__Lib_Math.c,509 :: 		
0x004A	0x1BFA      	BTFSC      R10, 7
;__Lib_Math.c,510 :: 		
0x004B	0x09FD      	COMF       R13, 1
;__Lib_Math.c,512 :: 		
0x004C	0x01FB      	CLRF       R11
;__Lib_Math.c,514 :: 		
0x004D	0x1FF5      	BTFSS      R5, 7
;__Lib_Math.c,515 :: 		
0x004E	0x2854      	GOTO       $+6
;__Lib_Math.c,517 :: 		
0x004F	0x09F4      	COMF       R4, 1
;__Lib_Math.c,518 :: 		
0x0050	0x09F5      	COMF       R5, 1
;__Lib_Math.c,519 :: 		
0x0051	0x0AF4      	INCF       R4, 1
;__Lib_Math.c,520 :: 		
0x0052	0x1903      	BTFSC      STATUS, 2
;__Lib_Math.c,521 :: 		
0x0053	0x0AF5      	INCF       R5, 1
;__Lib_Math.c,523 :: 		
0x0054	0x1FF1      	BTFSS      R1, 7
;__Lib_Math.c,524 :: 		
0x0055	0x285B      	GOTO       $+6
;__Lib_Math.c,526 :: 		
0x0056	0x09F0      	COMF       R0, 1
;__Lib_Math.c,527 :: 		
0x0057	0x09F1      	COMF       R1, 1
;__Lib_Math.c,528 :: 		
0x0058	0x0AF0      	INCF       R0, 1
;__Lib_Math.c,529 :: 		
0x0059	0x1903      	BTFSC      STATUS, 2
;__Lib_Math.c,530 :: 		
0x005A	0x0AF1      	INCF       R1, 1
;__Lib_Math.c,532 :: 		
0x005B	0x0871      	MOVF       R1, 0
;__Lib_Math.c,533 :: 		
0x005C	0x0475      	IORWF      R5, 0
;__Lib_Math.c,534 :: 		
0x005D	0x00FA      	MOVWF      R10
;__Lib_Math.c,535 :: 		
0x005E	0x1BFA      	BTFSC      R10, 7
;__Lib_Math.c,536 :: 		
0x005F	0x2870      	GOTO       $+17
;__Lib_Math.c,538 :: 		
0x0060	0x2003      	CALL       _Div_16x16_S_L
;__Lib_Math.c,540 :: 		
0x0061	0x187B      	BTFSC      R11, 0
;__Lib_Math.c,541 :: 		
0x0062	0x2883      	GOTO       $+33
;__Lib_Math.c,543 :: 		
0x0063	0x1FFD      	BTFSS      R13, 7
;__Lib_Math.c,544 :: 		
0x0064	0x3400      	RETLW      0
;__Lib_Math.c,546 :: 		
0x0065	0x09F0      	COMF       R0, 1
;__Lib_Math.c,547 :: 		
0x0066	0x09F1      	COMF       R1, 1
;__Lib_Math.c,548 :: 		
0x0067	0x0AF0      	INCF       R0, 1
;__Lib_Math.c,549 :: 		
0x0068	0x1903      	BTFSC      STATUS, 2
;__Lib_Math.c,550 :: 		
0x0069	0x0AF1      	INCF       R1, 1
;__Lib_Math.c,552 :: 		
0x006A	0x09F8      	COMF       R8, 1
;__Lib_Math.c,553 :: 		
0x006B	0x09F9      	COMF       R9, 1
;__Lib_Math.c,554 :: 		
0x006C	0x0AF8      	INCF       R8, 1
;__Lib_Math.c,555 :: 		
0x006D	0x1903      	BTFSC      STATUS, 2
;__Lib_Math.c,556 :: 		
0x006E	0x0AF9      	INCF       R9, 1
;__Lib_Math.c,558 :: 		
0x006F	0x3400      	RETLW      0
;__Lib_Math.c,560 :: 		
0x0070	0x1FF5      	BTFSS      R5, 7
;__Lib_Math.c,561 :: 		
0x0071	0x287F      	GOTO       $+14
;__Lib_Math.c,562 :: 		
0x0072	0x1BF1      	BTFSC      R1, 7
;__Lib_Math.c,563 :: 		
0x0073	0x287B      	GOTO       $+8
;__Lib_Math.c,564 :: 		
0x0074	0x0871      	MOVF       R1, 0
;__Lib_Math.c,565 :: 		
0x0075	0x00F9      	MOVWF      R9
;__Lib_Math.c,566 :: 		
0x0076	0x0870      	MOVF       R0, 0
;__Lib_Math.c,567 :: 		
0x0077	0x00F8      	MOVWF      R8
;__Lib_Math.c,568 :: 		
0x0078	0x01F1      	CLRF       R1
;__Lib_Math.c,569 :: 		
0x0079	0x01F0      	CLRF       R0
;__Lib_Math.c,570 :: 		
0x007A	0x2863      	GOTO       $-23
;__Lib_Math.c,571 :: 		
0x007B	0x01F1      	CLRF       R1
;__Lib_Math.c,572 :: 		
0x007C	0x01F0      	CLRF       R0
;__Lib_Math.c,573 :: 		
0x007D	0x0AF0      	INCF       R0, 1
;__Lib_Math.c,574 :: 		
0x007E	0x3400      	RETLW      0
;__Lib_Math.c,576 :: 		
0x007F	0x09F1      	COMF       R1, 1
;__Lib_Math.c,577 :: 		
0x0080	0x09F0      	COMF       R0, 1
;__Lib_Math.c,578 :: 		
0x0081	0x0AFB      	INCF       R11, 1
;__Lib_Math.c,579 :: 		
0x0082	0x2860      	GOTO       $-34
;__Lib_Math.c,581 :: 		
0x0083	0x0AF8      	INCF       R8, 1
;__Lib_Math.c,582 :: 		
0x0084	0x1903      	BTFSC      STATUS, 2
;__Lib_Math.c,583 :: 		
0x0085	0x0AF9      	INCF       R9, 1
;__Lib_Math.c,584 :: 		
0x0086	0x0874      	MOVF       R4, 0
;__Lib_Math.c,585 :: 		
0x0087	0x0278      	SUBWF      R8, 0
;__Lib_Math.c,586 :: 		
0x0088	0x1D03      	BTFSS      STATUS, 2
;__Lib_Math.c,587 :: 		
0x0089	0x2863      	GOTO       $-38
;__Lib_Math.c,588 :: 		
0x008A	0x0875      	MOVF       R5, 0
;__Lib_Math.c,589 :: 		
0x008B	0x0279      	SUBWF      R9, 0
;__Lib_Math.c,590 :: 		
0x008C	0x1D03      	BTFSS      STATUS, 2
;__Lib_Math.c,591 :: 		
0x008D	0x2863      	GOTO       $-42
;__Lib_Math.c,592 :: 		
0x008E	0x01F9      	CLRF       R9
;__Lib_Math.c,593 :: 		
0x008F	0x01F8      	CLRF       R8
;__Lib_Math.c,594 :: 		
0x0090	0x0AF0      	INCF       R0, 1
;__Lib_Math.c,595 :: 		
0x0091	0x1903      	BTFSC      STATUS, 2
;__Lib_Math.c,596 :: 		
0x0092	0x0AF1      	INCF       R1, 1
;__Lib_Math.c,597 :: 		
0x0093	0x1FF1      	BTFSS      R1, 7
;__Lib_Math.c,598 :: 		
0x0094	0x2863      	GOTO       $-49
;__Lib_Math.c,599 :: 		
0x0095	0x0000      	NOP
;__Lib_Math.c,600 :: 		
0x0096	0x34FF      	RETLW      255
;__Lib_Math.c,602 :: 		
L_end_Div_16x16_S:
0x0097	0x0008      	RETURN
; end of _Div_16x16_S
_____DoICP:
;__Lib_System.c,6 :: 		
;__Lib_System.c,9 :: 		
0x0098	0x1283      	BCF        STATUS, 5
0x0099	0x1303      	BCF        STATUS, 6
0x009A	0x0831      	MOVF       ___DoICPAddr+1, 0
0x009B	0x008A      	MOVWF      PCLATH
;__Lib_System.c,10 :: 		
0x009C	0x0830      	MOVF       ___DoICPAddr, 0
0x009D	0x0082      	MOVWF      PCL
;__Lib_System.c,12 :: 		
L_end_____DoICP:
0x009E	0x0008      	RETURN
; end of _____DoICP
_display_7segment:
;Project1.c,78 :: 		int display_7segment(){
;Project1.c,80 :: 		if(PORTC.F2 == 1){
0x009F	0x1283      	BCF        STATUS, 5
0x00A0	0x1303      	BCF        STATUS, 6
0x00A1	0x1D07      	BTFSS      PORTC, 2
0x00A2	0x28B3      	GOTO       L_display_7segment13
;Project1.c,81 :: 		if(PORTC.F2 == 1){
0x00A3	0x1D07      	BTFSS      PORTC, 2
0x00A4	0x28B3      	GOTO       L_display_7segment14
;Project1.c,82 :: 		if(i<99){
0x00A5	0x3080      	MOVLW      128
0x00A6	0x0623      	XORWF      _i+1, 0
0x00A7	0x00F0      	MOVWF      R0
0x00A8	0x3080      	MOVLW      128
0x00A9	0x0270      	SUBWF      R0, 0
0x00AA	0x1D03      	BTFSS      STATUS, 2
0x00AB	0x28AE      	GOTO       L__display_7segment30
0x00AC	0x3063      	MOVLW      99
0x00AD	0x0222      	SUBWF      _i, 0
L__display_7segment30:
0x00AE	0x1803      	BTFSC      STATUS, 0
0x00AF	0x28B3      	GOTO       L_display_7segment15
;Project1.c,83 :: 		i++;
0x00B0	0x0AA2      	INCF       _i, 1
0x00B1	0x1903      	BTFSC      STATUS, 2
0x00B2	0x0AA3      	INCF       _i+1, 1
;Project1.c,84 :: 		}
L_display_7segment15:
;Project1.c,85 :: 		}
L_display_7segment14:
;Project1.c,86 :: 		}
L_display_7segment13:
;Project1.c,87 :: 		if(PORTC.F3 == 1){
0x00B3	0x1D87      	BTFSS      PORTC, 3
0x00B4	0x28C6      	GOTO       L_display_7segment16
;Project1.c,88 :: 		if(PORTC.F3 == 1){
0x00B5	0x1D87      	BTFSS      PORTC, 3
0x00B6	0x28C6      	GOTO       L_display_7segment17
;Project1.c,89 :: 		if(i>0){
0x00B7	0x3080      	MOVLW      128
0x00B8	0x00F0      	MOVWF      R0
0x00B9	0x3080      	MOVLW      128
0x00BA	0x0623      	XORWF      _i+1, 0
0x00BB	0x0270      	SUBWF      R0, 0
0x00BC	0x1D03      	BTFSS      STATUS, 2
0x00BD	0x28C0      	GOTO       L__display_7segment31
0x00BE	0x0822      	MOVF       _i, 0
0x00BF	0x3C00      	SUBLW      0
L__display_7segment31:
0x00C0	0x1803      	BTFSC      STATUS, 0
0x00C1	0x28C6      	GOTO       L_display_7segment18
;Project1.c,90 :: 		i--;
0x00C2	0x3001      	MOVLW      1
0x00C3	0x02A2      	SUBWF      _i, 1
0x00C4	0x1C03      	BTFSS      STATUS, 0
0x00C5	0x03A3      	DECF       _i+1, 1
;Project1.c,91 :: 		}
L_display_7segment18:
;Project1.c,92 :: 		}
L_display_7segment17:
;Project1.c,93 :: 		}
L_display_7segment16:
;Project1.c,94 :: 		leftDigit = i/10;
0x00C6	0x300A      	MOVLW      10
0x00C7	0x00F4      	MOVWF      R4
0x00C8	0x3000      	MOVLW      0
0x00C9	0x00F5      	MOVWF      R4+1
0x00CA	0x0822      	MOVF       _i, 0
0x00CB	0x00F0      	MOVWF      R0
0x00CC	0x0823      	MOVF       _i+1, 0
0x00CD	0x00F1      	MOVWF      R0+1
0x00CE	0x202F      	CALL       _Div_16x16_S
0x00CF	0x0870      	MOVF       R0, 0
0x00D0	0x00B4      	MOVWF      display_7segment_leftDigit_L0
0x00D1	0x0871      	MOVF       R0+1, 0
0x00D2	0x00B5      	MOVWF      display_7segment_leftDigit_L0+1
;Project1.c,95 :: 		rightDigit = i% 10;
0x00D3	0x300A      	MOVLW      10
0x00D4	0x00F4      	MOVWF      R4
0x00D5	0x3000      	MOVLW      0
0x00D6	0x00F5      	MOVWF      R4+1
0x00D7	0x0822      	MOVF       _i, 0
0x00D8	0x00F0      	MOVWF      R0
0x00D9	0x0823      	MOVF       _i+1, 0
0x00DA	0x00F1      	MOVWF      R0+1
0x00DB	0x202F      	CALL       _Div_16x16_S
0x00DC	0x0878      	MOVF       R8, 0
0x00DD	0x00F0      	MOVWF      R0
0x00DE	0x0879      	MOVF       R8+1, 0
0x00DF	0x00F1      	MOVWF      R0+1
0x00E0	0x0870      	MOVF       R0, 0
0x00E1	0x00B6      	MOVWF      display_7segment_rightDigit_L0
0x00E2	0x0871      	MOVF       R0+1, 0
0x00E3	0x00B7      	MOVWF      display_7segment_rightDigit_L0+1
;Project1.c,96 :: 		for(j=0;j<10;j++){
0x00E4	0x01A4      	CLRF       _j
0x00E5	0x01A5      	CLRF       _j+1
L_display_7segment19:
0x00E6	0x3080      	MOVLW      128
0x00E7	0x0625      	XORWF      _j+1, 0
0x00E8	0x00F0      	MOVWF      R0
0x00E9	0x3080      	MOVLW      128
0x00EA	0x0270      	SUBWF      R0, 0
0x00EB	0x1D03      	BTFSS      STATUS, 2
0x00EC	0x28EF      	GOTO       L__display_7segment32
0x00ED	0x300A      	MOVLW      10
0x00EE	0x0224      	SUBWF      _j, 0
L__display_7segment32:
0x00EF	0x1803      	BTFSC      STATUS, 0
0x00F0	0x2915      	GOTO       L_display_7segment20
;Project1.c,97 :: 		portc.f0=1;
0x00F1	0x1407      	BSF        PORTC, 0
;Project1.c,98 :: 		portb=segments[leftDigit];
0x00F2	0x0834      	MOVF       display_7segment_leftDigit_L0, 0
0x00F3	0x3E26      	ADDLW      _segments
0x00F4	0x0084      	MOVWF      FSR
0x00F5	0x0800      	MOVF       INDF, 0
0x00F6	0x0086      	MOVWF      PORTB
;Project1.c,99 :: 		delay_ms(10);
0x00F7	0x301A      	MOVLW      26
0x00F8	0x00FC      	MOVWF      R12
0x00F9	0x30F8      	MOVLW      248
0x00FA	0x00FD      	MOVWF      R13
L_display_7segment22:
0x00FB	0x0BFD      	DECFSZ     R13, 1
0x00FC	0x28FB      	GOTO       L_display_7segment22
0x00FD	0x0BFC      	DECFSZ     R12, 1
0x00FE	0x28FB      	GOTO       L_display_7segment22
0x00FF	0x0000      	NOP
;Project1.c,100 :: 		portc.f0=0;
0x0100	0x1007      	BCF        PORTC, 0
;Project1.c,102 :: 		portc.f1=1;
0x0101	0x1487      	BSF        PORTC, 1
;Project1.c,103 :: 		portb=segments[rightDigit];
0x0102	0x0836      	MOVF       display_7segment_rightDigit_L0, 0
0x0103	0x3E26      	ADDLW      _segments
0x0104	0x0084      	MOVWF      FSR
0x0105	0x0800      	MOVF       INDF, 0
0x0106	0x0086      	MOVWF      PORTB
;Project1.c,104 :: 		delay_ms(10);
0x0107	0x301A      	MOVLW      26
0x0108	0x00FC      	MOVWF      R12
0x0109	0x30F8      	MOVLW      248
0x010A	0x00FD      	MOVWF      R13
L_display_7segment23:
0x010B	0x0BFD      	DECFSZ     R13, 1
0x010C	0x290B      	GOTO       L_display_7segment23
0x010D	0x0BFC      	DECFSZ     R12, 1
0x010E	0x290B      	GOTO       L_display_7segment23
0x010F	0x0000      	NOP
;Project1.c,105 :: 		portc.f1=0;
0x0110	0x1087      	BCF        PORTC, 1
;Project1.c,96 :: 		for(j=0;j<10;j++){
0x0111	0x0AA4      	INCF       _j, 1
0x0112	0x1903      	BTFSC      STATUS, 2
0x0113	0x0AA5      	INCF       _j+1, 1
;Project1.c,106 :: 		}
0x0114	0x28E6      	GOTO       L_display_7segment19
L_display_7segment20:
;Project1.c,107 :: 		return i;
0x0115	0x0822      	MOVF       _i, 0
0x0116	0x00F0      	MOVWF      R0
0x0117	0x0823      	MOVF       _i+1, 0
0x0118	0x00F1      	MOVWF      R0+1
;Project1.c,108 :: 		}
L_end_display_7segment:
0x0119	0x0008      	RETURN
; end of _display_7segment
___CC2DW:
;__Lib_System.c,134 :: 		
;__Lib_System.c,137 :: 		
_CC2D_Loop1:
;__Lib_System.c,139 :: 		
0x011A	0x2098      	CALL       _____DoICP
0x011B	0x118A      	BCF        PCLATH, 3
0x011C	0x120A      	BCF        PCLATH, 4
;__Lib_System.c,141 :: 		
0x011D	0x0080      	MOVWF      INDF
;__Lib_System.c,142 :: 		
0x011E	0x0A84      	INCF       FSR, 1
;__Lib_System.c,143 :: 		
0x011F	0x0AB0      	INCF       ___DoICPAddr, 1
;__Lib_System.c,145 :: 		
0x0120	0x1903      	BTFSC      STATUS, 2
;__Lib_System.c,146 :: 		
0x0121	0x0AB1      	INCF       ___DoICPAddr+1, 1
;__Lib_System.c,147 :: 		
0x0122	0x03F0      	DECF       R0, 1
;__Lib_System.c,149 :: 		
0x0123	0x1D03      	BTFSS      STATUS, 2
;__Lib_System.c,150 :: 		
0x0124	0x291A      	GOTO       _CC2D_Loop1
;__Lib_System.c,152 :: 		
L_end___CC2DW:
0x0125	0x0008      	RETURN
; end of ___CC2DW
_pin_configuration:
;Project1.c,51 :: 		void pin_configuration(){
;Project1.c,53 :: 		TRISB = 0x00; //Output Pin
0x0126	0x1683      	BSF        STATUS, 5
0x0127	0x1303      	BCF        STATUS, 6
0x0128	0x0186      	CLRF       TRISB
;Project1.c,54 :: 		PORTB = 0x00; //Initialize PortB
0x0129	0x1283      	BCF        STATUS, 5
0x012A	0x0186      	CLRF       PORTB
;Project1.c,57 :: 		TRISC.f2 = 1; //Input-Increment Pin
0x012B	0x1683      	BSF        STATUS, 5
0x012C	0x1507      	BSF        TRISC, 2
;Project1.c,58 :: 		TRISC.f3 = 1; //Input-Decrement Pin
0x012D	0x1587      	BSF        TRISC, 3
;Project1.c,59 :: 		TRISC.f7 = 1;
0x012E	0x1787      	BSF        TRISC, 7
;Project1.c,60 :: 		TRISC.f0 = 0; //Output Pin
0x012F	0x1007      	BCF        TRISC, 0
;Project1.c,61 :: 		TRISC.f1 = 0;
0x0130	0x1087      	BCF        TRISC, 1
;Project1.c,64 :: 		PORTC = 0x00; //Initialize PortC
0x0131	0x1283      	BCF        STATUS, 5
0x0132	0x0187      	CLRF       PORTC
;Project1.c,67 :: 		TRISE.f0 = 1; //Input Pin
0x0133	0x1683      	BSF        STATUS, 5
0x0134	0x1409      	BSF        TRISE, 0
;Project1.c,68 :: 		PORTE.f0 = 0; //Initialize PortE
0x0135	0x1283      	BCF        STATUS, 5
0x0136	0x1009      	BCF        PORTE, 0
;Project1.c,71 :: 		trisd.f0 = 0x11; //Input Pin
0x0137	0x1683      	BSF        STATUS, 5
0x0138	0x1408      	BSF        TRISD, 0
;Project1.c,72 :: 		trisd.f5 = 0x00;  //Output Pin
0x0139	0x1288      	BCF        TRISD, 5
;Project1.c,73 :: 		trisd.f6 = 0x00;  //Output Pin
0x013A	0x1308      	BCF        TRISD, 6
;Project1.c,74 :: 		trisd.f7 = 0x00;  //Output Pin
0x013B	0x1388      	BCF        TRISD, 7
;Project1.c,75 :: 		portd = 0x00;  //Initialize PortD
0x013C	0x1283      	BCF        STATUS, 5
0x013D	0x0188      	CLRF       PORTD
;Project1.c,76 :: 		}
L_end_pin_configuration:
0x013E	0x0008      	RETURN
; end of _pin_configuration
_main:
0x013F	0x1283      	BCF        STATUS, 5
0x0140	0x1303      	BCF        STATUS, 6
0x0141	0x01A0      	CLRF       _counting_by_sensor
0x0142	0x01A1      	CLRF       33
0x0143	0x01A2      	CLRF       _i
0x0144	0x01A3      	CLRF       35
0x0145	0x01A4      	CLRF       _j
0x0146	0x01A5      	CLRF       37
0x0147	0x30C0      	MOVLW      192
0x0148	0x00A6      	MOVWF      _segments
0x0149	0x30F9      	MOVLW      249
0x014A	0x00A7      	MOVWF      39
0x014B	0x30A4      	MOVLW      164
0x014C	0x00A8      	MOVWF      40
0x014D	0x30B0      	MOVLW      176
0x014E	0x00A9      	MOVWF      41
0x014F	0x3099      	MOVLW      153
0x0150	0x00AA      	MOVWF      42
0x0151	0x3092      	MOVLW      146
0x0152	0x00AB      	MOVWF      43
0x0153	0x3082      	MOVLW      130
0x0154	0x00AC      	MOVWF      44
0x0155	0x30F8      	MOVLW      248
0x0156	0x00AD      	MOVWF      45
0x0157	0x3080      	MOVLW      128
0x0158	0x00AE      	MOVWF      46
0x0159	0x3090      	MOVLW      144
0x015A	0x00AF      	MOVWF      47
;Project1.c,13 :: 		void main() {
;Project1.c,14 :: 		pin_configuration();
0x015B	0x2126      	CALL       _pin_configuration
;Project1.c,17 :: 		while(1){
L_main0:
;Project1.c,18 :: 		if(PORTC.f7 == 0){ //Program Mode
0x015C	0x1B87      	BTFSC      PORTC, 7
0x015D	0x295F      	GOTO       L_main2
;Project1.c,19 :: 		PORTD.f5 = 0;
0x015E	0x1288      	BCF        PORTD, 5
;Project1.c,20 :: 		}
L_main2:
;Project1.c,21 :: 		selected_number = display_7segment(); // Display 0-99 in 7seg by push button
0x015F	0x209F      	CALL       _display_7segment
0x0160	0x0870      	MOVF       R0, 0
0x0161	0x00B2      	MOVWF      _selected_number
0x0162	0x0871      	MOVF       R0+1, 0
0x0163	0x00B3      	MOVWF      _selected_number+1
;Project1.c,22 :: 		if(PORTC.f7 == 1){  //Run Mode
0x0164	0x1F87      	BTFSS      PORTC, 7
0x0165	0x29BC      	GOTO       L_main3
;Project1.c,23 :: 		PORTD.f5 = 1;  //1st LED turn On
0x0166	0x1688      	BSF        PORTD, 5
;Project1.c,24 :: 		if(PORTD.f0 == 1){
0x0167	0x1C08      	BTFSS      PORTD, 0
0x0168	0x29BC      	GOTO       L_main4
;Project1.c,25 :: 		if(counting_by_sensor<99){
0x0169	0x3080      	MOVLW      128
0x016A	0x0621      	XORWF      _counting_by_sensor+1, 0
0x016B	0x00F0      	MOVWF      R0
0x016C	0x3080      	MOVLW      128
0x016D	0x0270      	SUBWF      R0, 0
0x016E	0x1D03      	BTFSS      STATUS, 2
0x016F	0x2972      	GOTO       L__main25
0x0170	0x3063      	MOVLW      99
0x0171	0x0220      	SUBWF      _counting_by_sensor, 0
L__main25:
0x0172	0x1803      	BTFSC      STATUS, 0
0x0173	0x2977      	GOTO       L_main5
;Project1.c,26 :: 		counting_by_sensor++;  //Increment By 1 if less than 99
0x0174	0x0AA0      	INCF       _counting_by_sensor, 1
0x0175	0x1903      	BTFSC      STATUS, 2
0x0176	0x0AA1      	INCF       _counting_by_sensor+1, 1
;Project1.c,27 :: 		}
L_main5:
;Project1.c,28 :: 		if(counting_by_sensor == 99){
0x0177	0x3000      	MOVLW      0
0x0178	0x0621      	XORWF      _counting_by_sensor+1, 0
0x0179	0x1D03      	BTFSS      STATUS, 2
0x017A	0x297D      	GOTO       L__main26
0x017B	0x3063      	MOVLW      99
0x017C	0x0620      	XORWF      _counting_by_sensor, 0
L__main26:
0x017D	0x1D03      	BTFSS      STATUS, 2
0x017E	0x2981      	GOTO       L_main6
;Project1.c,29 :: 		counting_by_sensor = 0; // Set 0 if equals 99
0x017F	0x01A0      	CLRF       _counting_by_sensor
0x0180	0x01A1      	CLRF       _counting_by_sensor+1
;Project1.c,30 :: 		}
L_main6:
;Project1.c,32 :: 		if(selected_number == counting_by_sensor){
0x0181	0x0833      	MOVF       _selected_number+1, 0
0x0182	0x0621      	XORWF      _counting_by_sensor+1, 0
0x0183	0x1D03      	BTFSS      STATUS, 2
0x0184	0x2987      	GOTO       L__main27
0x0185	0x0820      	MOVF       _counting_by_sensor, 0
0x0186	0x0632      	XORWF      _selected_number, 0
L__main27:
0x0187	0x1D03      	BTFSS      STATUS, 2
0x0188	0x29BC      	GOTO       L_main7
;Project1.c,33 :: 		while(PORTC.f7 == 1 ){
L_main8:
0x0189	0x1F87      	BTFSS      PORTC, 7
0x018A	0x29BC      	GOTO       L_main9
;Project1.c,34 :: 		PORTD.f5 = 0;
0x018B	0x1288      	BCF        PORTD, 5
;Project1.c,35 :: 		PORTD.f6 = 1;
0x018C	0x1708      	BSF        PORTD, 6
;Project1.c,36 :: 		Delay_ms(1000);
0x018D	0x300B      	MOVLW      11
0x018E	0x00FB      	MOVWF      R11
0x018F	0x3026      	MOVLW      38
0x0190	0x00FC      	MOVWF      R12
0x0191	0x305D      	MOVLW      93
0x0192	0x00FD      	MOVWF      R13
L_main10:
0x0193	0x0BFD      	DECFSZ     R13, 1
0x0194	0x2993      	GOTO       L_main10
0x0195	0x0BFC      	DECFSZ     R12, 1
0x0196	0x2993      	GOTO       L_main10
0x0197	0x0BFB      	DECFSZ     R11, 1
0x0198	0x2993      	GOTO       L_main10
0x0199	0x0000      	NOP
0x019A	0x0000      	NOP
;Project1.c,37 :: 		PORTD.f6 = 0;
0x019B	0x1308      	BCF        PORTD, 6
;Project1.c,38 :: 		PORTD.f7 = 1;
0x019C	0x1788      	BSF        PORTD, 7
;Project1.c,39 :: 		Delay_ms(1000);
0x019D	0x300B      	MOVLW      11
0x019E	0x00FB      	MOVWF      R11
0x019F	0x3026      	MOVLW      38
0x01A0	0x00FC      	MOVWF      R12
0x01A1	0x305D      	MOVLW      93
0x01A2	0x00FD      	MOVWF      R13
L_main11:
0x01A3	0x0BFD      	DECFSZ     R13, 1
0x01A4	0x29A3      	GOTO       L_main11
0x01A5	0x0BFC      	DECFSZ     R12, 1
0x01A6	0x29A3      	GOTO       L_main11
0x01A7	0x0BFB      	DECFSZ     R11, 1
0x01A8	0x29A3      	GOTO       L_main11
0x01A9	0x0000      	NOP
0x01AA	0x0000      	NOP
;Project1.c,40 :: 		PORTD.f7 = 0;
0x01AB	0x1388      	BCF        PORTD, 7
;Project1.c,41 :: 		PORTD.f5 = 1;
0x01AC	0x1688      	BSF        PORTD, 5
;Project1.c,42 :: 		Delay_ms(1000);
0x01AD	0x300B      	MOVLW      11
0x01AE	0x00FB      	MOVWF      R11
0x01AF	0x3026      	MOVLW      38
0x01B0	0x00FC      	MOVWF      R12
0x01B1	0x305D      	MOVLW      93
0x01B2	0x00FD      	MOVWF      R13
L_main12:
0x01B3	0x0BFD      	DECFSZ     R13, 1
0x01B4	0x29B3      	GOTO       L_main12
0x01B5	0x0BFC      	DECFSZ     R12, 1
0x01B6	0x29B3      	GOTO       L_main12
0x01B7	0x0BFB      	DECFSZ     R11, 1
0x01B8	0x29B3      	GOTO       L_main12
0x01B9	0x0000      	NOP
0x01BA	0x0000      	NOP
;Project1.c,43 :: 		}
0x01BB	0x2989      	GOTO       L_main8
L_main9:
;Project1.c,44 :: 		}
L_main7:
;Project1.c,45 :: 		}
L_main4:
;Project1.c,46 :: 		}
L_main3:
;Project1.c,47 :: 		}
0x01BC	0x295C      	GOTO       L_main0
;Project1.c,48 :: 		}
L_end_main:
0x01BD	0x29BD      	GOTO       $+0
; end of _main
Symbol List:
//** Routines locations **
//ADDRESS    SIZE    PROCEDURE
//----------------------------------------------
0x0003      [44]    _Div_16x16_S_L
0x002F     [105]    _Div_16x16_S
0x0098       [7]    _____DoICP
0x009F     [123]    _display_7segment
0x011A      [12]    ___CC2DW
0x0126      [25]    _pin_configuration
0x013F     [127]    _main
//** Variables locations ** 
//ADDRESS    SIZE    VARIABLE
//----------------------------------------------
0x0000       [1]    INDF
0x0002       [1]    PCL
0x0003       [1]    STATUS
0x0004       [1]    FSR
0x0006       [1]    PORTB
0x0007       [1]    PORTC
0x0008       [1]    PORTD
0x0009       [1]    PORTE
0x000A       [1]    PCLATH
0x0020       [2]    _counting_by_sensor
0x0022       [2]    _i
0x0024       [2]    _j
0x0026      [10]    _segments
0x0030       [2]    ___DoICPAddr
0x0032       [2]    _selected_number
0x0034       [2]    display_7segment_leftDigit_L0
0x0036       [2]    display_7segment_rightDigit_L0
0x0070       [1]    R0
0x0071       [1]    R1
0x0072       [1]    R2
0x0073       [1]    R3
0x0074       [1]    R4
0x0075       [1]    R5
0x0076       [1]    R6
0x0077       [1]    R7
0x0078       [1]    R8
0x0079       [1]    R9
0x007A       [1]    R10
0x007B       [1]    R11
0x007C       [1]    R12
0x007D       [1]    R13
0x007E       [1]    R14
0x007F       [1]    R15
0x0086       [1]    TRISB
0x0087       [1]    TRISC
0x0088       [1]    TRISD
0x0089       [1]    TRISE
